[0.710s] DEBUG:colcon:Command line arguments: ['/usr/bin/colcon', 'build', '--symlink-install']
[0.711s] DEBUG:colcon:Parsed command line arguments: Namespace(log_base=None, log_level=None, verb_name='build', build_base='build', install_base='install', merge_install=False, symlink_install=True, test_result_base=None, continue_on_error=False, executor='parallel', parallel_workers=4, event_handlers=None, ignore_user_meta=False, metas=['./colcon.meta'], base_paths=['.'], packages_ignore=None, packages_ignore_regex=None, paths=None, packages_up_to=None, packages_up_to_regex=None, packages_above=None, packages_above_and_dependencies=None, packages_above_depth=None, packages_select_by_dep=None, packages_skip_by_dep=None, packages_skip_up_to=None, packages_select_build_failed=False, packages_skip_build_finished=False, packages_select_test_failures=False, packages_skip_test_passed=False, packages_select=None, packages_skip=None, packages_select_regex=None, packages_skip_regex=None, packages_start=None, packages_end=None, allow_overriding=[], cmake_args=None, cmake_target=None, cmake_target_skip_unavailable=False, cmake_clean_cache=False, cmake_clean_first=False, cmake_force_configure=False, ament_cmake_args=None, catkin_cmake_args=None, catkin_skip_building_tests=False, mixin_files=None, mixin=None, verb_parser=<colcon_mixin.mixin.mixin_argument.MixinArgumentDecorator object at 0xffff7e62a7d0>, verb_extension=<colcon_core.verb.build.BuildVerb object at 0xffff7e7c3760>, main=<bound method BuildVerb.main of <colcon_core.verb.build.BuildVerb object at 0xffff7e7c3760>>, mixin_verb=('build',))
[1.996s] Level 1:colcon.colcon_core.package_discovery:discover_packages(colcon_meta) check parameters
[1.996s] Level 1:colcon.colcon_core.package_discovery:discover_packages(recursive) check parameters
[1.997s] Level 1:colcon.colcon_core.package_discovery:discover_packages(ignore) check parameters
[1.997s] Level 1:colcon.colcon_core.package_discovery:discover_packages(path) check parameters
[1.997s] Level 1:colcon.colcon_core.package_discovery:discover_packages(colcon_meta) discover
[1.998s] Level 1:colcon.colcon_core.package_discovery:discover_packages(recursive) discover
[1.998s] INFO:colcon.colcon_core.package_discovery:Crawling recursively for packages in '/home/raft-controller/Rpi_Ard_ser'
[1.999s] Level 1:colcon.colcon_core.package_identification:_identify(.) by extensions ['ignore', 'ignore_ament_install']
[2.000s] Level 1:colcon.colcon_core.package_identification:_identify(.) by extension 'ignore'
[2.000s] Level 1:colcon.colcon_core.package_identification:_identify(.) by extension 'ignore_ament_install'
[2.000s] Level 1:colcon.colcon_core.package_identification:_identify(.) by extensions ['colcon_pkg']
[2.001s] Level 1:colcon.colcon_core.package_identification:_identify(.) by extension 'colcon_pkg'
[2.001s] Level 1:colcon.colcon_core.package_identification:_identify(.) by extensions ['colcon_meta']
[2.001s] Level 1:colcon.colcon_core.package_identification:_identify(.) by extension 'colcon_meta'
[2.002s] Level 1:colcon.colcon_core.package_identification:_identify(.) by extensions ['ros']
[2.002s] Level 1:colcon.colcon_core.package_identification:_identify(.) by extension 'ros'
[2.061s] Level 1:colcon.colcon_core.package_identification:_identify(.) by extensions ['cmake', 'python']
[2.062s] Level 1:colcon.colcon_core.package_identification:_identify(.) by extension 'cmake'
[2.062s] Level 1:colcon.colcon_core.package_identification:_identify(.) by extension 'python'
[2.063s] Level 1:colcon.colcon_core.package_identification:_identify(.) by extensions ['python_setup_py']
[2.063s] Level 1:colcon.colcon_core.package_identification:_identify(.) by extension 'python_setup_py'
[2.064s] Level 1:colcon.colcon_core.package_identification:_identify(build) by extensions ['ignore', 'ignore_ament_install']
[2.065s] Level 1:colcon.colcon_core.package_identification:_identify(build) by extension 'ignore'
[2.065s] Level 1:colcon.colcon_core.package_identification:_identify(build) ignored
[2.066s] Level 1:colcon.colcon_core.package_identification:_identify(install) by extensions ['ignore', 'ignore_ament_install']
[2.067s] Level 1:colcon.colcon_core.package_identification:_identify(install) by extension 'ignore'
[2.067s] Level 1:colcon.colcon_core.package_identification:_identify(install) ignored
[2.068s] Level 1:colcon.colcon_core.package_identification:_identify(log) by extensions ['ignore', 'ignore_ament_install']
[2.068s] Level 1:colcon.colcon_core.package_identification:_identify(log) by extension 'ignore'
[2.068s] Level 1:colcon.colcon_core.package_identification:_identify(log) ignored
[2.069s] Level 1:colcon.colcon_core.package_identification:_identify(src) by extensions ['ignore', 'ignore_ament_install']
[2.070s] Level 1:colcon.colcon_core.package_identification:_identify(src) by extension 'ignore'
[2.070s] Level 1:colcon.colcon_core.package_identification:_identify(src) by extension 'ignore_ament_install'
[2.071s] Level 1:colcon.colcon_core.package_identification:_identify(src) by extensions ['colcon_pkg']
[2.071s] Level 1:colcon.colcon_core.package_identification:_identify(src) by extension 'colcon_pkg'
[2.071s] Level 1:colcon.colcon_core.package_identification:_identify(src) by extensions ['colcon_meta']
[2.071s] Level 1:colcon.colcon_core.package_identification:_identify(src) by extension 'colcon_meta'
[2.072s] Level 1:colcon.colcon_core.package_identification:_identify(src) by extensions ['ros']
[2.072s] Level 1:colcon.colcon_core.package_identification:_identify(src) by extension 'ros'
[2.073s] Level 1:colcon.colcon_core.package_identification:_identify(src) by extensions ['cmake', 'python']
[2.074s] Level 1:colcon.colcon_core.package_identification:_identify(src) by extension 'cmake'
[2.074s] Level 1:colcon.colcon_core.package_identification:_identify(src) by extension 'python'
[2.074s] Level 1:colcon.colcon_core.package_identification:_identify(src) by extensions ['python_setup_py']
[2.075s] Level 1:colcon.colcon_core.package_identification:_identify(src) by extension 'python_setup_py'
[2.076s] Level 1:colcon.colcon_core.package_identification:_identify(src/my_mav_pkg) by extensions ['ignore', 'ignore_ament_install']
[2.076s] Level 1:colcon.colcon_core.package_identification:_identify(src/my_mav_pkg) by extension 'ignore'
[2.077s] Level 1:colcon.colcon_core.package_identification:_identify(src/my_mav_pkg) by extension 'ignore_ament_install'
[2.077s] Level 1:colcon.colcon_core.package_identification:_identify(src/my_mav_pkg) by extensions ['colcon_pkg']
[2.078s] Level 1:colcon.colcon_core.package_identification:_identify(src/my_mav_pkg) by extension 'colcon_pkg'
[2.078s] Level 1:colcon.colcon_core.package_identification:_identify(src/my_mav_pkg) by extensions ['colcon_meta']
[2.078s] Level 1:colcon.colcon_core.package_identification:_identify(src/my_mav_pkg) by extension 'colcon_meta'
[2.079s] Level 1:colcon.colcon_core.package_identification:_identify(src/my_mav_pkg) by extensions ['ros']
[2.079s] Level 1:colcon.colcon_core.package_identification:_identify(src/my_mav_pkg) by extension 'ros'
[2.091s] DEBUG:colcon.colcon_core.package_identification:Package 'src/my_mav_pkg' with type 'ros.ament_python' and name 'my_mav_pkg'
[2.091s] Level 1:colcon.colcon_core.package_discovery:discover_packages(recursive) using defaults
[2.092s] Level 1:colcon.colcon_core.package_discovery:discover_packages(ignore) discover
[2.092s] Level 1:colcon.colcon_core.package_discovery:discover_packages(ignore) using defaults
[2.092s] Level 1:colcon.colcon_core.package_discovery:discover_packages(path) discover
[2.092s] Level 1:colcon.colcon_core.package_discovery:discover_packages(path) using defaults
[2.247s] Level 1:colcon.colcon_core.package_discovery:discover_packages(prefix_path) check parameters
[2.247s] Level 1:colcon.colcon_core.package_discovery:discover_packages(prefix_path) discover
[2.260s] DEBUG:colcon.colcon_installed_package_information.package_discovery:Found 2 installed packages in /home/raft-controller/Rpi_Ard_ser/install
[2.271s] DEBUG:colcon.colcon_installed_package_information.package_discovery:Found 278 installed packages in /opt/ros/humble
[2.280s] Level 1:colcon.colcon_core.package_discovery:discover_packages(prefix_path) using defaults
[2.536s] Level 5:colcon.colcon_core.verb:set package 'my_mav_pkg' build argument 'cmake_args' from command line to 'None'
[2.536s] Level 5:colcon.colcon_core.verb:set package 'my_mav_pkg' build argument 'cmake_target' from command line to 'None'
[2.536s] Level 5:colcon.colcon_core.verb:set package 'my_mav_pkg' build argument 'cmake_target_skip_unavailable' from command line to 'False'
[2.536s] Level 5:colcon.colcon_core.verb:set package 'my_mav_pkg' build argument 'cmake_clean_cache' from command line to 'False'
[2.537s] Level 5:colcon.colcon_core.verb:set package 'my_mav_pkg' build argument 'cmake_clean_first' from command line to 'False'
[2.537s] Level 5:colcon.colcon_core.verb:set package 'my_mav_pkg' build argument 'cmake_force_configure' from command line to 'False'
[2.537s] Level 5:colcon.colcon_core.verb:set package 'my_mav_pkg' build argument 'ament_cmake_args' from command line to 'None'
[2.537s] Level 5:colcon.colcon_core.verb:set package 'my_mav_pkg' build argument 'catkin_cmake_args' from command line to 'None'
[2.537s] Level 5:colcon.colcon_core.verb:set package 'my_mav_pkg' build argument 'catkin_skip_building_tests' from command line to 'False'
[2.537s] DEBUG:colcon.colcon_core.verb:Building package 'my_mav_pkg' with the following arguments: {'ament_cmake_args': None, 'build_base': '/home/raft-controller/Rpi_Ard_ser/build/my_mav_pkg', 'catkin_cmake_args': None, 'catkin_skip_building_tests': False, 'cmake_args': None, 'cmake_clean_cache': False, 'cmake_clean_first': False, 'cmake_force_configure': False, 'cmake_target': None, 'cmake_target_skip_unavailable': False, 'install_base': '/home/raft-controller/Rpi_Ard_ser/install/my_mav_pkg', 'merge_install': False, 'path': '/home/raft-controller/Rpi_Ard_ser/src/my_mav_pkg', 'symlink_install': True, 'test_result_base': None}
[2.538s] INFO:colcon.colcon_core.executor:Executing jobs using 'parallel' executor
[2.543s] DEBUG:colcon.colcon_parallel_executor.executor.parallel:run_until_complete
[2.545s] INFO:colcon.colcon_ros.task.ament_python.build:Building ROS package in '/home/raft-controller/Rpi_Ard_ser/src/my_mav_pkg' with build type 'ament_python'
[2.546s] Level 1:colcon.colcon_core.shell:create_environment_hook('my_mav_pkg', 'ament_prefix_path')
[2.560s] INFO:colcon.colcon_core.plugin_system:Skipping extension 'colcon_core.shell.bat': Not used on non-Windows systems
[2.565s] INFO:colcon.colcon_core.shell:Creating environment hook '/home/raft-controller/Rpi_Ard_ser/install/my_mav_pkg/share/my_mav_pkg/hook/ament_prefix_path.ps1'
[2.569s] INFO:colcon.colcon_core.shell:Creating environment descriptor '/home/raft-controller/Rpi_Ard_ser/install/my_mav_pkg/share/my_mav_pkg/hook/ament_prefix_path.dsv'
[2.573s] INFO:colcon.colcon_core.shell:Creating environment hook '/home/raft-controller/Rpi_Ard_ser/install/my_mav_pkg/share/my_mav_pkg/hook/ament_prefix_path.sh'
[2.578s] INFO:colcon.colcon_core.shell:Skip shell extension 'powershell' for command environment: Not usable outside of PowerShell
[2.579s] DEBUG:colcon.colcon_core.shell:Skip shell extension 'dsv' for command environment
[4.457s] INFO:colcon.colcon_core.task.python.build:Building Python package in '/home/raft-controller/Rpi_Ard_ser/src/my_mav_pkg'
[4.458s] INFO:colcon.colcon_core.shell:Skip shell extension 'powershell' for command environment: Not usable outside of PowerShell
[4.459s] DEBUG:colcon.colcon_core.shell:Skip shell extension 'dsv' for command environment
[6.754s] DEBUG:colcon.colcon_core.event_handler.log_command:Invoking command in '/home/raft-controller/Rpi_Ard_ser/build/my_mav_pkg': PYTHONPATH=/home/raft-controller/Rpi_Ard_ser/build/my_mav_pkg/prefix_override:/usr/lib/python3/dist-packages/colcon_core/task/python/colcon_distutils_commands:/home/raft-controller/Rpi_Ard_ser/install/my_mav_pkg/lib/python3.10/site-packages:${PYTHONPATH} /usr/bin/python3 -W ignore:setup.py install is deprecated -W ignore:easy_install command is deprecated setup.py develop --editable --build-directory /home/raft-controller/Rpi_Ard_ser/build/my_mav_pkg/build --no-deps symlink_data
[10.195s] Level 1:colcon.colcon_core.shell:create_environment_hook('my_mav_pkg', 'pythonpath_develop')
[10.197s] INFO:colcon.colcon_core.shell:Creating environment hook '/home/raft-controller/Rpi_Ard_ser/build/my_mav_pkg/share/my_mav_pkg/hook/pythonpath_develop.ps1'
[10.199s] DEBUG:colcon.colcon_core.event_handler.log_command:Invoked command in '/home/raft-controller/Rpi_Ard_ser/build/my_mav_pkg' returned '0': PYTHONPATH=/home/raft-controller/Rpi_Ard_ser/build/my_mav_pkg/prefix_override:/usr/lib/python3/dist-packages/colcon_core/task/python/colcon_distutils_commands:/home/raft-controller/Rpi_Ard_ser/install/my_mav_pkg/lib/python3.10/site-packages:${PYTHONPATH} /usr/bin/python3 -W ignore:setup.py install is deprecated -W ignore:easy_install command is deprecated setup.py develop --editable --build-directory /home/raft-controller/Rpi_Ard_ser/build/my_mav_pkg/build --no-deps symlink_data
[10.202s] INFO:colcon.colcon_core.shell:Creating environment descriptor '/home/raft-controller/Rpi_Ard_ser/build/my_mav_pkg/share/my_mav_pkg/hook/pythonpath_develop.dsv'
[10.204s] INFO:colcon.colcon_core.shell:Creating environment hook '/home/raft-controller/Rpi_Ard_ser/build/my_mav_pkg/share/my_mav_pkg/hook/pythonpath_develop.sh'
[10.224s] Level 1:colcon.colcon_core.environment:checking '/home/raft-controller/Rpi_Ard_ser/install/my_mav_pkg' for CMake module files
[10.227s] Level 1:colcon.colcon_core.environment:checking '/home/raft-controller/Rpi_Ard_ser/install/my_mav_pkg' for CMake config files
[10.231s] Level 1:colcon.colcon_core.environment:checking '/home/raft-controller/Rpi_Ard_ser/install/my_mav_pkg/lib'
[10.232s] Level 1:colcon.colcon_core.environment:checking '/home/raft-controller/Rpi_Ard_ser/install/my_mav_pkg/bin'
[10.233s] Level 1:colcon.colcon_core.environment:checking '/home/raft-controller/Rpi_Ard_ser/install/my_mav_pkg/lib/pkgconfig/my_mav_pkg.pc'
[10.234s] Level 1:colcon.colcon_core.environment:checking '/home/raft-controller/Rpi_Ard_ser/install/my_mav_pkg/lib/python3.10/site-packages'
[10.234s] Level 1:colcon.colcon_core.shell:create_environment_hook('my_mav_pkg', 'pythonpath')
[10.236s] INFO:colcon.colcon_core.shell:Creating environment hook '/home/raft-controller/Rpi_Ard_ser/install/my_mav_pkg/share/my_mav_pkg/hook/pythonpath.ps1'
[10.239s] INFO:colcon.colcon_core.shell:Creating environment descriptor '/home/raft-controller/Rpi_Ard_ser/install/my_mav_pkg/share/my_mav_pkg/hook/pythonpath.dsv'
[10.241s] INFO:colcon.colcon_core.shell:Creating environment hook '/home/raft-controller/Rpi_Ard_ser/install/my_mav_pkg/share/my_mav_pkg/hook/pythonpath.sh'
[10.245s] Level 1:colcon.colcon_core.environment:checking '/home/raft-controller/Rpi_Ard_ser/install/my_mav_pkg/bin'
[10.246s] Level 1:colcon.colcon_core.environment:create_environment_scripts_only(my_mav_pkg)
[10.248s] INFO:colcon.colcon_core.shell:Creating package script '/home/raft-controller/Rpi_Ard_ser/install/my_mav_pkg/share/my_mav_pkg/package.ps1'
[10.253s] INFO:colcon.colcon_core.shell:Creating package descriptor '/home/raft-controller/Rpi_Ard_ser/install/my_mav_pkg/share/my_mav_pkg/package.dsv'
[10.257s] INFO:colcon.colcon_core.shell:Creating package script '/home/raft-controller/Rpi_Ard_ser/install/my_mav_pkg/share/my_mav_pkg/package.sh'
[10.262s] INFO:colcon.colcon_core.shell:Creating package script '/home/raft-controller/Rpi_Ard_ser/install/my_mav_pkg/share/my_mav_pkg/package.bash'
[10.267s] INFO:colcon.colcon_core.shell:Creating package script '/home/raft-controller/Rpi_Ard_ser/install/my_mav_pkg/share/my_mav_pkg/package.zsh'
[10.272s] Level 1:colcon.colcon_core.environment:create_file_with_runtime_dependencies(/home/raft-controller/Rpi_Ard_ser/install/my_mav_pkg/share/colcon-core/packages/my_mav_pkg)
[10.274s] DEBUG:colcon.colcon_parallel_executor.executor.parallel:closing loop
[10.275s] DEBUG:colcon.colcon_parallel_executor.executor.parallel:loop closed
[10.276s] DEBUG:colcon.colcon_parallel_executor.executor.parallel:run_until_complete finished with '0'
[10.276s] DEBUG:colcon.colcon_core.event_reactor:joining thread
[10.306s] INFO:colcon.colcon_core.plugin_system:Skipping extension 'colcon_notification.desktop_notification.terminal_notifier': Not used on non-Darwin systems
[10.306s] INFO:colcon.colcon_core.plugin_system:Skipping extension 'colcon_notification.desktop_notification.win32': Not used on non-Windows systems
[10.307s] INFO:colcon.colcon_notification.desktop_notification:Sending desktop notification using 'notify2'
[10.377s] DEBUG:colcon.colcon_core.event_reactor:joined thread
[10.378s] INFO:colcon.colcon_core.shell:Creating prefix script '/home/raft-controller/Rpi_Ard_ser/install/local_setup.ps1'
[10.384s] INFO:colcon.colcon_core.shell:Creating prefix util module '/home/raft-controller/Rpi_Ard_ser/install/_local_setup_util_ps1.py'
[10.396s] INFO:colcon.colcon_core.shell:Creating prefix chain script '/home/raft-controller/Rpi_Ard_ser/install/setup.ps1'
[10.403s] INFO:colcon.colcon_core.shell:Creating prefix script '/home/raft-controller/Rpi_Ard_ser/install/local_setup.sh'
[10.408s] INFO:colcon.colcon_core.shell:Creating prefix util module '/home/raft-controller/Rpi_Ard_ser/install/_local_setup_util_sh.py'
[10.412s] INFO:colcon.colcon_core.shell:Creating prefix chain script '/home/raft-controller/Rpi_Ard_ser/install/setup.sh'
[10.420s] INFO:colcon.colcon_core.shell:Creating prefix script '/home/raft-controller/Rpi_Ard_ser/install/local_setup.bash'
[10.424s] INFO:colcon.colcon_core.shell:Creating prefix chain script '/home/raft-controller/Rpi_Ard_ser/install/setup.bash'
[10.430s] INFO:colcon.colcon_core.shell:Creating prefix script '/home/raft-controller/Rpi_Ard_ser/install/local_setup.zsh'
[10.434s] INFO:colcon.colcon_core.shell:Creating prefix chain script '/home/raft-controller/Rpi_Ard_ser/install/setup.zsh'
