[0.458s] DEBUG:colcon:Command line arguments: ['/usr/bin/colcon', 'build']
[0.458s] DEBUG:colcon:Parsed command line arguments: Namespace(log_base=None, log_level=None, verb_name='build', build_base='build', install_base='install', merge_install=False, symlink_install=False, test_result_base=None, continue_on_error=False, executor='parallel', parallel_workers=4, event_handlers=None, ignore_user_meta=False, metas=['./colcon.meta'], base_paths=['.'], packages_ignore=None, packages_ignore_regex=None, paths=None, packages_up_to=None, packages_up_to_regex=None, packages_above=None, packages_above_and_dependencies=None, packages_above_depth=None, packages_select_by_dep=None, packages_skip_by_dep=None, packages_skip_up_to=None, packages_select_build_failed=False, packages_skip_build_finished=False, packages_select_test_failures=False, packages_skip_test_passed=False, packages_select=None, packages_skip=None, packages_select_regex=None, packages_skip_regex=None, packages_start=None, packages_end=None, allow_overriding=[], cmake_args=None, cmake_target=None, cmake_target_skip_unavailable=False, cmake_clean_cache=False, cmake_clean_first=False, cmake_force_configure=False, ament_cmake_args=None, catkin_cmake_args=None, catkin_skip_building_tests=False, mixin_files=None, mixin=None, verb_parser=<colcon_mixin.mixin.mixin_argument.MixinArgumentDecorator object at 0xffff9a2c5840>, verb_extension=<colcon_core.verb.build.BuildVerb object at 0xffff9a4727d0>, main=<bound method BuildVerb.main of <colcon_core.verb.build.BuildVerb object at 0xffff9a4727d0>>, mixin_verb=('build',))
[1.273s] Level 1:colcon.colcon_core.package_discovery:discover_packages(colcon_meta) check parameters
[1.274s] Level 1:colcon.colcon_core.package_discovery:discover_packages(recursive) check parameters
[1.274s] Level 1:colcon.colcon_core.package_discovery:discover_packages(ignore) check parameters
[1.274s] Level 1:colcon.colcon_core.package_discovery:discover_packages(path) check parameters
[1.274s] Level 1:colcon.colcon_core.package_discovery:discover_packages(colcon_meta) discover
[1.275s] Level 1:colcon.colcon_core.package_discovery:discover_packages(recursive) discover
[1.275s] INFO:colcon.colcon_core.package_discovery:Crawling recursively for packages in '/home/raft/Rpi_Ard_ser'
[1.275s] Level 1:colcon.colcon_core.package_identification:_identify(.) by extensions ['ignore', 'ignore_ament_install']
[1.276s] Level 1:colcon.colcon_core.package_identification:_identify(.) by extension 'ignore'
[1.276s] Level 1:colcon.colcon_core.package_identification:_identify(.) by extension 'ignore_ament_install'
[1.276s] Level 1:colcon.colcon_core.package_identification:_identify(.) by extensions ['colcon_pkg']
[1.276s] Level 1:colcon.colcon_core.package_identification:_identify(.) by extension 'colcon_pkg'
[1.277s] Level 1:colcon.colcon_core.package_identification:_identify(.) by extensions ['colcon_meta']
[1.277s] Level 1:colcon.colcon_core.package_identification:_identify(.) by extension 'colcon_meta'
[1.277s] Level 1:colcon.colcon_core.package_identification:_identify(.) by extensions ['ros']
[1.277s] Level 1:colcon.colcon_core.package_identification:_identify(.) by extension 'ros'
[1.320s] Level 1:colcon.colcon_core.package_identification:_identify(.) by extensions ['cmake', 'python']
[1.321s] Level 1:colcon.colcon_core.package_identification:_identify(.) by extension 'cmake'
[1.321s] Level 1:colcon.colcon_core.package_identification:_identify(.) by extension 'python'
[1.321s] Level 1:colcon.colcon_core.package_identification:_identify(.) by extensions ['python_setup_py']
[1.321s] Level 1:colcon.colcon_core.package_identification:_identify(.) by extension 'python_setup_py'
[1.322s] Level 1:colcon.colcon_core.package_identification:_identify(build) by extensions ['ignore', 'ignore_ament_install']
[1.322s] Level 1:colcon.colcon_core.package_identification:_identify(build) by extension 'ignore'
[1.322s] Level 1:colcon.colcon_core.package_identification:_identify(build) ignored
[1.323s] Level 1:colcon.colcon_core.package_identification:_identify(install) by extensions ['ignore', 'ignore_ament_install']
[1.324s] Level 1:colcon.colcon_core.package_identification:_identify(install) by extension 'ignore'
[1.324s] Level 1:colcon.colcon_core.package_identification:_identify(install) ignored
[1.324s] Level 1:colcon.colcon_core.package_identification:_identify(log) by extensions ['ignore', 'ignore_ament_install']
[1.325s] Level 1:colcon.colcon_core.package_identification:_identify(log) by extension 'ignore'
[1.325s] Level 1:colcon.colcon_core.package_identification:_identify(log) ignored
[1.325s] Level 1:colcon.colcon_core.package_identification:_identify(src) by extensions ['ignore', 'ignore_ament_install']
[1.326s] Level 1:colcon.colcon_core.package_identification:_identify(src) by extension 'ignore'
[1.326s] Level 1:colcon.colcon_core.package_identification:_identify(src) by extension 'ignore_ament_install'
[1.326s] Level 1:colcon.colcon_core.package_identification:_identify(src) by extensions ['colcon_pkg']
[1.326s] Level 1:colcon.colcon_core.package_identification:_identify(src) by extension 'colcon_pkg'
[1.326s] Level 1:colcon.colcon_core.package_identification:_identify(src) by extensions ['colcon_meta']
[1.326s] Level 1:colcon.colcon_core.package_identification:_identify(src) by extension 'colcon_meta'
[1.327s] Level 1:colcon.colcon_core.package_identification:_identify(src) by extensions ['ros']
[1.327s] Level 1:colcon.colcon_core.package_identification:_identify(src) by extension 'ros'
[1.327s] Level 1:colcon.colcon_core.package_identification:_identify(src) by extensions ['cmake', 'python']
[1.327s] Level 1:colcon.colcon_core.package_identification:_identify(src) by extension 'cmake'
[1.328s] Level 1:colcon.colcon_core.package_identification:_identify(src) by extension 'python'
[1.328s] Level 1:colcon.colcon_core.package_identification:_identify(src) by extensions ['python_setup_py']
[1.328s] Level 1:colcon.colcon_core.package_identification:_identify(src) by extension 'python_setup_py'
[1.328s] Level 1:colcon.colcon_core.package_identification:_identify(src/my_mav_pkg) by extensions ['ignore', 'ignore_ament_install']
[1.329s] Level 1:colcon.colcon_core.package_identification:_identify(src/my_mav_pkg) by extension 'ignore'
[1.329s] Level 1:colcon.colcon_core.package_identification:_identify(src/my_mav_pkg) by extension 'ignore_ament_install'
[1.329s] Level 1:colcon.colcon_core.package_identification:_identify(src/my_mav_pkg) by extensions ['colcon_pkg']
[1.329s] Level 1:colcon.colcon_core.package_identification:_identify(src/my_mav_pkg) by extension 'colcon_pkg'
[1.330s] Level 1:colcon.colcon_core.package_identification:_identify(src/my_mav_pkg) by extensions ['colcon_meta']
[1.330s] Level 1:colcon.colcon_core.package_identification:_identify(src/my_mav_pkg) by extension 'colcon_meta'
[1.330s] Level 1:colcon.colcon_core.package_identification:_identify(src/my_mav_pkg) by extensions ['ros']
[1.330s] Level 1:colcon.colcon_core.package_identification:_identify(src/my_mav_pkg) by extension 'ros'
[1.339s] DEBUG:colcon.colcon_core.package_identification:Package 'src/my_mav_pkg' with type 'ros.ament_python' and name 'my_mav_pkg'
[1.340s] Level 1:colcon.colcon_core.package_discovery:discover_packages(recursive) using defaults
[1.340s] Level 1:colcon.colcon_core.package_discovery:discover_packages(ignore) discover
[1.340s] Level 1:colcon.colcon_core.package_discovery:discover_packages(ignore) using defaults
[1.340s] Level 1:colcon.colcon_core.package_discovery:discover_packages(path) discover
[1.340s] Level 1:colcon.colcon_core.package_discovery:discover_packages(path) using defaults
[1.456s] Level 1:colcon.colcon_core.package_discovery:discover_packages(prefix_path) check parameters
[1.456s] Level 1:colcon.colcon_core.package_discovery:discover_packages(prefix_path) discover
[1.464s] DEBUG:colcon.colcon_installed_package_information.package_discovery:Found 1 installed packages in /home/raft/Rpi_Ard_ser/install
[1.473s] DEBUG:colcon.colcon_installed_package_information.package_discovery:Found 278 installed packages in /opt/ros/humble
[1.480s] Level 1:colcon.colcon_core.package_discovery:discover_packages(prefix_path) using defaults
[1.649s] Level 5:colcon.colcon_core.verb:set package 'my_mav_pkg' build argument 'cmake_args' from command line to 'None'
[1.649s] Level 5:colcon.colcon_core.verb:set package 'my_mav_pkg' build argument 'cmake_target' from command line to 'None'
[1.649s] Level 5:colcon.colcon_core.verb:set package 'my_mav_pkg' build argument 'cmake_target_skip_unavailable' from command line to 'False'
[1.650s] Level 5:colcon.colcon_core.verb:set package 'my_mav_pkg' build argument 'cmake_clean_cache' from command line to 'False'
[1.650s] Level 5:colcon.colcon_core.verb:set package 'my_mav_pkg' build argument 'cmake_clean_first' from command line to 'False'
[1.650s] Level 5:colcon.colcon_core.verb:set package 'my_mav_pkg' build argument 'cmake_force_configure' from command line to 'False'
[1.650s] Level 5:colcon.colcon_core.verb:set package 'my_mav_pkg' build argument 'ament_cmake_args' from command line to 'None'
[1.650s] Level 5:colcon.colcon_core.verb:set package 'my_mav_pkg' build argument 'catkin_cmake_args' from command line to 'None'
[1.650s] Level 5:colcon.colcon_core.verb:set package 'my_mav_pkg' build argument 'catkin_skip_building_tests' from command line to 'False'
[1.650s] DEBUG:colcon.colcon_core.verb:Building package 'my_mav_pkg' with the following arguments: {'ament_cmake_args': None, 'build_base': '/home/raft/Rpi_Ard_ser/build/my_mav_pkg', 'catkin_cmake_args': None, 'catkin_skip_building_tests': False, 'cmake_args': None, 'cmake_clean_cache': False, 'cmake_clean_first': False, 'cmake_force_configure': False, 'cmake_target': None, 'cmake_target_skip_unavailable': False, 'install_base': '/home/raft/Rpi_Ard_ser/install/my_mav_pkg', 'merge_install': False, 'path': '/home/raft/Rpi_Ard_ser/src/my_mav_pkg', 'symlink_install': False, 'test_result_base': None}
[1.651s] INFO:colcon.colcon_core.executor:Executing jobs using 'parallel' executor
[1.654s] DEBUG:colcon.colcon_parallel_executor.executor.parallel:run_until_complete
[1.655s] INFO:colcon.colcon_ros.task.ament_python.build:Building ROS package in '/home/raft/Rpi_Ard_ser/src/my_mav_pkg' with build type 'ament_python'
[1.656s] Level 1:colcon.colcon_core.shell:create_environment_hook('my_mav_pkg', 'ament_prefix_path')
[1.665s] INFO:colcon.colcon_core.plugin_system:Skipping extension 'colcon_core.shell.bat': Not used on non-Windows systems
[1.667s] INFO:colcon.colcon_core.shell:Creating environment hook '/home/raft/Rpi_Ard_ser/install/my_mav_pkg/share/my_mav_pkg/hook/ament_prefix_path.ps1'
[1.671s] INFO:colcon.colcon_core.shell:Creating environment descriptor '/home/raft/Rpi_Ard_ser/install/my_mav_pkg/share/my_mav_pkg/hook/ament_prefix_path.dsv'
[1.674s] INFO:colcon.colcon_core.shell:Creating environment hook '/home/raft/Rpi_Ard_ser/install/my_mav_pkg/share/my_mav_pkg/hook/ament_prefix_path.sh'
[1.678s] INFO:colcon.colcon_core.shell:Skip shell extension 'powershell' for command environment: Not usable outside of PowerShell
[1.679s] DEBUG:colcon.colcon_core.shell:Skip shell extension 'dsv' for command environment
[2.876s] INFO:colcon.colcon_core.task.python.build:Building Python package in '/home/raft/Rpi_Ard_ser/src/my_mav_pkg'
[2.877s] INFO:colcon.colcon_core.shell:Skip shell extension 'powershell' for command environment: Not usable outside of PowerShell
[2.877s] DEBUG:colcon.colcon_core.shell:Skip shell extension 'dsv' for command environment
[4.372s] DEBUG:colcon.colcon_core.event_handler.log_command:Invoking command in '/home/raft/Rpi_Ard_ser/src/my_mav_pkg': PYTHONPATH=/home/raft/Rpi_Ard_ser/build/my_mav_pkg/prefix_override:/usr/lib/python3/dist-packages/colcon_core/task/python/colcon_distutils_commands:/home/raft/Rpi_Ard_ser/install/my_mav_pkg/lib/python3.10/site-packages:${PYTHONPATH} /usr/bin/python3 -W ignore:setup.py install is deprecated -W ignore:easy_install command is deprecated setup.py egg_info --egg-base ../../build/my_mav_pkg build --build-base /home/raft/Rpi_Ard_ser/build/my_mav_pkg/build install --record /home/raft/Rpi_Ard_ser/build/my_mav_pkg/install.log --single-version-externally-managed install_data
[5.728s] DEBUG:colcon.colcon_core.event_handler.log_command:Invoked command in '/home/raft/Rpi_Ard_ser/src/my_mav_pkg' returned '0': PYTHONPATH=/home/raft/Rpi_Ard_ser/build/my_mav_pkg/prefix_override:/usr/lib/python3/dist-packages/colcon_core/task/python/colcon_distutils_commands:/home/raft/Rpi_Ard_ser/install/my_mav_pkg/lib/python3.10/site-packages:${PYTHONPATH} /usr/bin/python3 -W ignore:setup.py install is deprecated -W ignore:easy_install command is deprecated setup.py egg_info --egg-base ../../build/my_mav_pkg build --build-base /home/raft/Rpi_Ard_ser/build/my_mav_pkg/build install --record /home/raft/Rpi_Ard_ser/build/my_mav_pkg/install.log --single-version-externally-managed install_data
[5.739s] Level 1:colcon.colcon_core.environment:checking '/home/raft/Rpi_Ard_ser/install/my_mav_pkg' for CMake module files
[5.743s] Level 1:colcon.colcon_core.environment:checking '/home/raft/Rpi_Ard_ser/install/my_mav_pkg' for CMake config files
[5.749s] Level 1:colcon.colcon_core.environment:checking '/home/raft/Rpi_Ard_ser/install/my_mav_pkg/lib'
[5.750s] Level 1:colcon.colcon_core.environment:checking '/home/raft/Rpi_Ard_ser/install/my_mav_pkg/bin'
[5.750s] Level 1:colcon.colcon_core.environment:checking '/home/raft/Rpi_Ard_ser/install/my_mav_pkg/lib/pkgconfig/my_mav_pkg.pc'
[5.751s] Level 1:colcon.colcon_core.environment:checking '/home/raft/Rpi_Ard_ser/install/my_mav_pkg/lib/python3.10/site-packages'
[5.752s] Level 1:colcon.colcon_core.shell:create_environment_hook('my_mav_pkg', 'pythonpath')
[5.753s] INFO:colcon.colcon_core.shell:Creating environment hook '/home/raft/Rpi_Ard_ser/install/my_mav_pkg/share/my_mav_pkg/hook/pythonpath.ps1'
[5.755s] INFO:colcon.colcon_core.shell:Creating environment descriptor '/home/raft/Rpi_Ard_ser/install/my_mav_pkg/share/my_mav_pkg/hook/pythonpath.dsv'
[5.757s] INFO:colcon.colcon_core.shell:Creating environment hook '/home/raft/Rpi_Ard_ser/install/my_mav_pkg/share/my_mav_pkg/hook/pythonpath.sh'
[5.760s] Level 1:colcon.colcon_core.environment:checking '/home/raft/Rpi_Ard_ser/install/my_mav_pkg/bin'
[5.760s] Level 1:colcon.colcon_core.environment:create_environment_scripts_only(my_mav_pkg)
[5.762s] INFO:colcon.colcon_core.shell:Creating package script '/home/raft/Rpi_Ard_ser/install/my_mav_pkg/share/my_mav_pkg/package.ps1'
[5.765s] INFO:colcon.colcon_core.shell:Creating package descriptor '/home/raft/Rpi_Ard_ser/install/my_mav_pkg/share/my_mav_pkg/package.dsv'
[5.768s] INFO:colcon.colcon_core.shell:Creating package script '/home/raft/Rpi_Ard_ser/install/my_mav_pkg/share/my_mav_pkg/package.sh'
[5.772s] INFO:colcon.colcon_core.shell:Creating package script '/home/raft/Rpi_Ard_ser/install/my_mav_pkg/share/my_mav_pkg/package.bash'
[5.775s] INFO:colcon.colcon_core.shell:Creating package script '/home/raft/Rpi_Ard_ser/install/my_mav_pkg/share/my_mav_pkg/package.zsh'
[5.779s] Level 1:colcon.colcon_core.environment:create_file_with_runtime_dependencies(/home/raft/Rpi_Ard_ser/install/my_mav_pkg/share/colcon-core/packages/my_mav_pkg)
[5.781s] DEBUG:colcon.colcon_parallel_executor.executor.parallel:closing loop
[5.782s] DEBUG:colcon.colcon_parallel_executor.executor.parallel:loop closed
[5.783s] DEBUG:colcon.colcon_parallel_executor.executor.parallel:run_until_complete finished with '0'
[5.783s] DEBUG:colcon.colcon_core.event_reactor:joining thread
[5.802s] INFO:colcon.colcon_core.plugin_system:Skipping extension 'colcon_notification.desktop_notification.terminal_notifier': Not used on non-Darwin systems
[5.803s] INFO:colcon.colcon_core.plugin_system:Skipping extension 'colcon_notification.desktop_notification.win32': Not used on non-Windows systems
[5.803s] INFO:colcon.colcon_notification.desktop_notification:Sending desktop notification using 'notify2'
[5.853s] DEBUG:colcon.colcon_core.event_reactor:joined thread
[5.855s] INFO:colcon.colcon_core.shell:Creating prefix script '/home/raft/Rpi_Ard_ser/install/local_setup.ps1'
[5.859s] INFO:colcon.colcon_core.shell:Creating prefix util module '/home/raft/Rpi_Ard_ser/install/_local_setup_util_ps1.py'
[5.867s] INFO:colcon.colcon_core.shell:Creating prefix chain script '/home/raft/Rpi_Ard_ser/install/setup.ps1'
[5.872s] INFO:colcon.colcon_core.shell:Creating prefix script '/home/raft/Rpi_Ard_ser/install/local_setup.sh'
[5.874s] INFO:colcon.colcon_core.shell:Creating prefix util module '/home/raft/Rpi_Ard_ser/install/_local_setup_util_sh.py'
[5.877s] INFO:colcon.colcon_core.shell:Creating prefix chain script '/home/raft/Rpi_Ard_ser/install/setup.sh'
[5.882s] INFO:colcon.colcon_core.shell:Creating prefix script '/home/raft/Rpi_Ard_ser/install/local_setup.bash'
[5.884s] INFO:colcon.colcon_core.shell:Creating prefix chain script '/home/raft/Rpi_Ard_ser/install/setup.bash'
[5.889s] INFO:colcon.colcon_core.shell:Creating prefix script '/home/raft/Rpi_Ard_ser/install/local_setup.zsh'
[5.891s] INFO:colcon.colcon_core.shell:Creating prefix chain script '/home/raft/Rpi_Ard_ser/install/setup.zsh'
