[4.364s] Invoking command in '/home/raft-controller/Rpi_Ard_ser/build/my_mav_pkg': PYTHONPATH=/home/raft-controller/Rpi_Ard_ser/build/my_mav_pkg/prefix_override:/usr/lib/python3/dist-packages/colcon_core/task/python/colcon_distutils_commands:/home/raft-controller/Rpi_Ard_ser/install/my_mav_pkg/lib/python3.10/site-packages:${PYTHONPATH} /usr/bin/python3 -W ignore:setup.py install is deprecated -W ignore:easy_install command is deprecated setup.py develop --editable --build-directory /home/raft-controller/Rpi_Ard_ser/build/my_mav_pkg/build --no-deps symlink_data
[6.202s] running develop
[7.557s] running egg_info
[7.558s] creating my_mav_pkg.egg-info
[7.559s] writing my_mav_pkg.egg-info/PKG-INFO
[7.560s] writing dependency_links to my_mav_pkg.egg-info/dependency_links.txt
[7.561s] writing entry points to my_mav_pkg.egg-info/entry_points.txt
[7.562s] writing requirements to my_mav_pkg.egg-info/requires.txt
[7.563s] writing top-level names to my_mav_pkg.egg-info/top_level.txt
[7.564s] writing manifest file 'my_mav_pkg.egg-info/SOURCES.txt'
[7.573s] reading manifest file 'my_mav_pkg.egg-info/SOURCES.txt'
[7.576s] writing manifest file 'my_mav_pkg.egg-info/SOURCES.txt'
[7.588s] running build_ext
[7.589s] Creating /home/raft-controller/Rpi_Ard_ser/install/my_mav_pkg/lib/python3.10/site-packages/my-mav-pkg.egg-link (link to .)
[7.593s] 
[7.595s] Installed /home/raft-controller/Rpi_Ard_ser/build/my_mav_pkg
[7.596s] running symlink_data
[7.598s] creating /home/raft-controller/Rpi_Ard_ser/install/my_mav_pkg/share/ament_index
[7.600s] creating /home/raft-controller/Rpi_Ard_ser/install/my_mav_pkg/share/ament_index/resource_index
[7.602s] creating /home/raft-controller/Rpi_Ard_ser/install/my_mav_pkg/share/ament_index/resource_index/packages
[7.604s] symbolically linking /home/raft-controller/Rpi_Ard_ser/build/my_mav_pkg/resource/my_mav_pkg -> /home/raft-controller/Rpi_Ard_ser/install/my_mav_pkg/share/ament_index/resource_index/packages
[7.606s] symbolically linking /home/raft-controller/Rpi_Ard_ser/build/my_mav_pkg/package.xml -> /home/raft-controller/Rpi_Ard_ser/install/my_mav_pkg/share/my_mav_pkg
[7.762s] Invoked command in '/home/raft-controller/Rpi_Ard_ser/build/my_mav_pkg' returned '0': PYTHONPATH=/home/raft-controller/Rpi_Ard_ser/build/my_mav_pkg/prefix_override:/usr/lib/python3/dist-packages/colcon_core/task/python/colcon_distutils_commands:/home/raft-controller/Rpi_Ard_ser/install/my_mav_pkg/lib/python3.10/site-packages:${PYTHONPATH} /usr/bin/python3 -W ignore:setup.py install is deprecated -W ignore:easy_install command is deprecated setup.py develop --editable --build-directory /home/raft-controller/Rpi_Ard_ser/build/my_mav_pkg/build --no-deps symlink_data
