running egg_info
writing ../../build/my_mav_pkg/my_mav_pkg.egg-info/PKG-INFO
writing dependency_links to ../../build/my_mav_pkg/my_mav_pkg.egg-info/dependency_links.txt
writing entry points to ../../build/my_mav_pkg/my_mav_pkg.egg-info/entry_points.txt
writing requirements to ../../build/my_mav_pkg/my_mav_pkg.egg-info/requires.txt
writing top-level names to ../../build/my_mav_pkg/my_mav_pkg.egg-info/top_level.txt
reading manifest file '../../build/my_mav_pkg/my_mav_pkg.egg-info/SOURCES.txt'
writing manifest file '../../build/my_mav_pkg/my_mav_pkg.egg-info/SOURCES.txt'
running build
running build_py
running install
running install_lib
running install_data
running install_egg_info
removing '/home/raft/Rpi_Ard_ser/install/my_mav_pkg/lib/python3.10/site-packages/my_mav_pkg-0.0.0-py3.10.egg-info' (and everything under it)
Copying ../../build/my_mav_pkg/my_mav_pkg.egg-info to /home/raft/Rpi_Ard_ser/install/my_mav_pkg/lib/python3.10/site-packages/my_mav_pkg-0.0.0-py3.10.egg-info
running install_scripts
Installing camera_publisher script to /home/raft/Rpi_Ard_ser/install/my_mav_pkg/lib/my_mav_pkg
Installing send_arduino script to /home/raft/Rpi_Ard_ser/install/my_mav_pkg/lib/my_mav_pkg
writing list of installed files to '/home/raft/Rpi_Ard_ser/build/my_mav_pkg/install.log'
