[1.204s] DEBUG:colcon:Command line arguments: ['/usr/bin/colcon', 'build']
[1.204s] DEBUG:colcon:Parsed command line arguments: Namespace(log_base=None, log_level=None, verb_name='build', build_base='build', install_base='install', merge_install=False, symlink_install=False, test_result_base=None, continue_on_error=False, executor='parallel', parallel_workers=4, event_handlers=None, ignore_user_meta=False, metas=['./colcon.meta'], base_paths=['.'], packages_ignore=None, packages_ignore_regex=None, paths=None, packages_up_to=None, packages_up_to_regex=None, packages_above=None, packages_above_and_dependencies=None, packages_above_depth=None, packages_select_by_dep=None, packages_skip_by_dep=None, packages_skip_up_to=None, packages_select_build_failed=False, packages_skip_build_finished=False, packages_select_test_failures=False, packages_skip_test_passed=False, packages_select=None, packages_skip=None, packages_select_regex=None, packages_skip_regex=None, packages_start=None, packages_end=None, allow_overriding=[], cmake_args=None, cmake_target=None, cmake_target_skip_unavailable=False, cmake_clean_cache=False, cmake_clean_first=False, cmake_force_configure=False, ament_cmake_args=None, catkin_cmake_args=None, catkin_skip_building_tests=False, mixin_files=None, mixin=None, verb_parser=<colcon_mixin.mixin.mixin_argument.MixinArgumentDecorator object at 0xffff8fd19570>, verb_extension=<colcon_core.verb.build.BuildVerb object at 0xffff8febe470>, main=<bound method BuildVerb.main of <colcon_core.verb.build.BuildVerb object at 0xffff8febe470>>, mixin_verb=('build',))
[2.516s] Level 1:colcon.colcon_core.package_discovery:discover_packages(colcon_meta) check parameters
[2.517s] Level 1:colcon.colcon_core.package_discovery:discover_packages(recursive) check parameters
[2.517s] Level 1:colcon.colcon_core.package_discovery:discover_packages(ignore) check parameters
[2.517s] Level 1:colcon.colcon_core.package_discovery:discover_packages(path) check parameters
[2.518s] Level 1:colcon.colcon_core.package_discovery:discover_packages(colcon_meta) discover
[2.518s] Level 1:colcon.colcon_core.package_discovery:discover_packages(recursive) discover
[2.518s] INFO:colcon.colcon_core.package_discovery:Crawling recursively for packages in '/home/raft/Rpi_Ard_ser'
[2.519s] Level 1:colcon.colcon_core.package_identification:_identify(.) by extensions ['ignore', 'ignore_ament_install']
[2.519s] Level 1:colcon.colcon_core.package_identification:_identify(.) by extension 'ignore'
[2.519s] Level 1:colcon.colcon_core.package_identification:_identify(.) by extension 'ignore_ament_install'
[2.520s] Level 1:colcon.colcon_core.package_identification:_identify(.) by extensions ['colcon_pkg']
[2.520s] Level 1:colcon.colcon_core.package_identification:_identify(.) by extension 'colcon_pkg'
[2.520s] Level 1:colcon.colcon_core.package_identification:_identify(.) by extensions ['colcon_meta']
[2.520s] Level 1:colcon.colcon_core.package_identification:_identify(.) by extension 'colcon_meta'
[2.521s] Level 1:colcon.colcon_core.package_identification:_identify(.) by extensions ['ros']
[2.521s] Level 1:colcon.colcon_core.package_identification:_identify(.) by extension 'ros'
[2.586s] Level 1:colcon.colcon_core.package_identification:_identify(.) by extensions ['cmake', 'python']
[2.586s] Level 1:colcon.colcon_core.package_identification:_identify(.) by extension 'cmake'
[2.586s] Level 1:colcon.colcon_core.package_identification:_identify(.) by extension 'python'
[2.586s] Level 1:colcon.colcon_core.package_identification:_identify(.) by extensions ['python_setup_py']
[2.586s] Level 1:colcon.colcon_core.package_identification:_identify(.) by extension 'python_setup_py'
[2.587s] Level 1:colcon.colcon_core.package_identification:_identify(build) by extensions ['ignore', 'ignore_ament_install']
[2.587s] Level 1:colcon.colcon_core.package_identification:_identify(build) by extension 'ignore'
[2.588s] Level 1:colcon.colcon_core.package_identification:_identify(build) ignored
[2.588s] Level 1:colcon.colcon_core.package_identification:_identify(install) by extensions ['ignore', 'ignore_ament_install']
[2.589s] Level 1:colcon.colcon_core.package_identification:_identify(install) by extension 'ignore'
[2.589s] Level 1:colcon.colcon_core.package_identification:_identify(install) ignored
[2.590s] Level 1:colcon.colcon_core.package_identification:_identify(log) by extensions ['ignore', 'ignore_ament_install']
[2.590s] Level 1:colcon.colcon_core.package_identification:_identify(log) by extension 'ignore'
[2.590s] Level 1:colcon.colcon_core.package_identification:_identify(log) ignored
[2.590s] Level 1:colcon.colcon_core.package_identification:_identify(src) by extensions ['ignore', 'ignore_ament_install']
[2.591s] Level 1:colcon.colcon_core.package_identification:_identify(src) by extension 'ignore'
[2.591s] Level 1:colcon.colcon_core.package_identification:_identify(src) by extension 'ignore_ament_install'
[2.591s] Level 1:colcon.colcon_core.package_identification:_identify(src) by extensions ['colcon_pkg']
[2.591s] Level 1:colcon.colcon_core.package_identification:_identify(src) by extension 'colcon_pkg'
[2.592s] Level 1:colcon.colcon_core.package_identification:_identify(src) by extensions ['colcon_meta']
[2.592s] Level 1:colcon.colcon_core.package_identification:_identify(src) by extension 'colcon_meta'
[2.592s] Level 1:colcon.colcon_core.package_identification:_identify(src) by extensions ['ros']
[2.592s] Level 1:colcon.colcon_core.package_identification:_identify(src) by extension 'ros'
[2.593s] Level 1:colcon.colcon_core.package_identification:_identify(src) by extensions ['cmake', 'python']
[2.593s] Level 1:colcon.colcon_core.package_identification:_identify(src) by extension 'cmake'
[2.594s] Level 1:colcon.colcon_core.package_identification:_identify(src) by extension 'python'
[2.594s] Level 1:colcon.colcon_core.package_identification:_identify(src) by extensions ['python_setup_py']
[2.594s] Level 1:colcon.colcon_core.package_identification:_identify(src) by extension 'python_setup_py'
[2.595s] Level 1:colcon.colcon_core.package_identification:_identify(src/my_mav_pkg) by extensions ['ignore', 'ignore_ament_install']
[2.595s] Level 1:colcon.colcon_core.package_identification:_identify(src/my_mav_pkg) by extension 'ignore'
[2.596s] Level 1:colcon.colcon_core.package_identification:_identify(src/my_mav_pkg) by extension 'ignore_ament_install'
[2.596s] Level 1:colcon.colcon_core.package_identification:_identify(src/my_mav_pkg) by extensions ['colcon_pkg']
[2.596s] Level 1:colcon.colcon_core.package_identification:_identify(src/my_mav_pkg) by extension 'colcon_pkg'
[2.596s] Level 1:colcon.colcon_core.package_identification:_identify(src/my_mav_pkg) by extensions ['colcon_meta']
[2.596s] Level 1:colcon.colcon_core.package_identification:_identify(src/my_mav_pkg) by extension 'colcon_meta'
[2.597s] Level 1:colcon.colcon_core.package_identification:_identify(src/my_mav_pkg) by extensions ['ros']
[2.597s] Level 1:colcon.colcon_core.package_identification:_identify(src/my_mav_pkg) by extension 'ros'
[2.616s] DEBUG:colcon.colcon_core.package_identification:Package 'src/my_mav_pkg' with type 'ros.ament_python' and name 'my_mav_pkg'
[2.617s] Level 1:colcon.colcon_core.package_discovery:discover_packages(recursive) using defaults
[2.617s] Level 1:colcon.colcon_core.package_discovery:discover_packages(ignore) discover
[2.617s] Level 1:colcon.colcon_core.package_discovery:discover_packages(ignore) using defaults
[2.617s] Level 1:colcon.colcon_core.package_discovery:discover_packages(path) discover
[2.618s] Level 1:colcon.colcon_core.package_discovery:discover_packages(path) using defaults
[2.831s] Level 1:colcon.colcon_core.package_discovery:discover_packages(prefix_path) check parameters
[2.832s] Level 1:colcon.colcon_core.package_discovery:discover_packages(prefix_path) discover
[2.853s] DEBUG:colcon.colcon_installed_package_information.package_discovery:Found 278 installed packages in /opt/ros/humble
[2.860s] Level 1:colcon.colcon_core.package_discovery:discover_packages(prefix_path) using defaults
[3.055s] Level 5:colcon.colcon_core.verb:set package 'my_mav_pkg' build argument 'cmake_args' from command line to 'None'
[3.055s] Level 5:colcon.colcon_core.verb:set package 'my_mav_pkg' build argument 'cmake_target' from command line to 'None'
[3.055s] Level 5:colcon.colcon_core.verb:set package 'my_mav_pkg' build argument 'cmake_target_skip_unavailable' from command line to 'False'
[3.055s] Level 5:colcon.colcon_core.verb:set package 'my_mav_pkg' build argument 'cmake_clean_cache' from command line to 'False'
[3.056s] Level 5:colcon.colcon_core.verb:set package 'my_mav_pkg' build argument 'cmake_clean_first' from command line to 'False'
[3.056s] Level 5:colcon.colcon_core.verb:set package 'my_mav_pkg' build argument 'cmake_force_configure' from command line to 'False'
[3.056s] Level 5:colcon.colcon_core.verb:set package 'my_mav_pkg' build argument 'ament_cmake_args' from command line to 'None'
[3.056s] Level 5:colcon.colcon_core.verb:set package 'my_mav_pkg' build argument 'catkin_cmake_args' from command line to 'None'
[3.056s] Level 5:colcon.colcon_core.verb:set package 'my_mav_pkg' build argument 'catkin_skip_building_tests' from command line to 'False'
[3.056s] DEBUG:colcon.colcon_core.verb:Building package 'my_mav_pkg' with the following arguments: {'ament_cmake_args': None, 'build_base': '/home/raft/Rpi_Ard_ser/build/my_mav_pkg', 'catkin_cmake_args': None, 'catkin_skip_building_tests': False, 'cmake_args': None, 'cmake_clean_cache': False, 'cmake_clean_first': False, 'cmake_force_configure': False, 'cmake_target': None, 'cmake_target_skip_unavailable': False, 'install_base': '/home/raft/Rpi_Ard_ser/install/my_mav_pkg', 'merge_install': False, 'path': '/home/raft/Rpi_Ard_ser/src/my_mav_pkg', 'symlink_install': False, 'test_result_base': None}
[3.057s] INFO:colcon.colcon_core.executor:Executing jobs using 'parallel' executor
[3.060s] DEBUG:colcon.colcon_parallel_executor.executor.parallel:run_until_complete
[3.061s] INFO:colcon.colcon_ros.task.ament_python.build:Building ROS package in '/home/raft/Rpi_Ard_ser/src/my_mav_pkg' with build type 'ament_python'
[3.062s] Level 1:colcon.colcon_core.shell:create_environment_hook('my_mav_pkg', 'ament_prefix_path')
[3.092s] INFO:colcon.colcon_core.plugin_system:Skipping extension 'colcon_core.shell.bat': Not used on non-Windows systems
[3.094s] INFO:colcon.colcon_core.shell:Creating environment hook '/home/raft/Rpi_Ard_ser/install/my_mav_pkg/share/my_mav_pkg/hook/ament_prefix_path.ps1'
[3.098s] INFO:colcon.colcon_core.shell:Creating environment descriptor '/home/raft/Rpi_Ard_ser/install/my_mav_pkg/share/my_mav_pkg/hook/ament_prefix_path.dsv'
[3.101s] INFO:colcon.colcon_core.shell:Creating environment hook '/home/raft/Rpi_Ard_ser/install/my_mav_pkg/share/my_mav_pkg/hook/ament_prefix_path.sh'
[3.106s] INFO:colcon.colcon_core.shell:Skip shell extension 'powershell' for command environment: Not usable outside of PowerShell
[3.106s] DEBUG:colcon.colcon_core.shell:Skip shell extension 'dsv' for command environment
[4.328s] INFO:colcon.colcon_core.task.python.build:Building Python package in '/home/raft/Rpi_Ard_ser/src/my_mav_pkg'
[4.329s] INFO:colcon.colcon_core.shell:Skip shell extension 'powershell' for command environment: Not usable outside of PowerShell
[4.330s] DEBUG:colcon.colcon_core.shell:Skip shell extension 'dsv' for command environment
[6.067s] DEBUG:colcon.colcon_core.event_handler.log_command:Invoking command in '/home/raft/Rpi_Ard_ser/build/my_mav_pkg': PYTHONPATH=/home/raft/Rpi_Ard_ser/build/my_mav_pkg/prefix_override:/usr/lib/python3/dist-packages/colcon_core/task/python/colcon_distutils_commands:/home/raft/Rpi_Ard_ser/install/my_mav_pkg/lib/python3.10/site-packages:${PYTHONPATH} /usr/bin/python3 -W ignore:setup.py install is deprecated -W ignore:easy_install command is deprecated setup.py develop --uninstall --editable --build-directory /home/raft/Rpi_Ard_ser/build/my_mav_pkg/build
[8.201s] DEBUG:colcon.colcon_core.event_handler.log_command:Invoked command in '/home/raft/Rpi_Ard_ser/build/my_mav_pkg' returned '0': PYTHONPATH=/home/raft/Rpi_Ard_ser/build/my_mav_pkg/prefix_override:/usr/lib/python3/dist-packages/colcon_core/task/python/colcon_distutils_commands:/home/raft/Rpi_Ard_ser/install/my_mav_pkg/lib/python3.10/site-packages:${PYTHONPATH} /usr/bin/python3 -W ignore:setup.py install is deprecated -W ignore:easy_install command is deprecated setup.py develop --uninstall --editable --build-directory /home/raft/Rpi_Ard_ser/build/my_mav_pkg/build
[8.209s] DEBUG:colcon.colcon_core.event_handler.log_command:Invoking command in '/home/raft/Rpi_Ard_ser/src/my_mav_pkg': PYTHONPATH=/home/raft/Rpi_Ard_ser/build/my_mav_pkg/prefix_override:/usr/lib/python3/dist-packages/colcon_core/task/python/colcon_distutils_commands:/home/raft/Rpi_Ard_ser/install/my_mav_pkg/lib/python3.10/site-packages:${PYTHONPATH} /usr/bin/python3 -W ignore:setup.py install is deprecated -W ignore:easy_install command is deprecated setup.py egg_info --egg-base ../../build/my_mav_pkg build --build-base /home/raft/Rpi_Ard_ser/build/my_mav_pkg/build install --record /home/raft/Rpi_Ard_ser/build/my_mav_pkg/install.log --single-version-externally-managed install_data --force
[9.565s] DEBUG:colcon.colcon_core.event_handler.log_command:Invoked command in '/home/raft/Rpi_Ard_ser/src/my_mav_pkg' returned '0': PYTHONPATH=/home/raft/Rpi_Ard_ser/build/my_mav_pkg/prefix_override:/usr/lib/python3/dist-packages/colcon_core/task/python/colcon_distutils_commands:/home/raft/Rpi_Ard_ser/install/my_mav_pkg/lib/python3.10/site-packages:${PYTHONPATH} /usr/bin/python3 -W ignore:setup.py install is deprecated -W ignore:easy_install command is deprecated setup.py egg_info --egg-base ../../build/my_mav_pkg build --build-base /home/raft/Rpi_Ard_ser/build/my_mav_pkg/build install --record /home/raft/Rpi_Ard_ser/build/my_mav_pkg/install.log --single-version-externally-managed install_data --force
[9.599s] Level 1:colcon.colcon_core.environment:checking '/home/raft/Rpi_Ard_ser/install/my_mav_pkg' for CMake module files
[9.602s] Level 1:colcon.colcon_core.environment:checking '/home/raft/Rpi_Ard_ser/install/my_mav_pkg' for CMake config files
[9.608s] Level 1:colcon.colcon_core.environment:checking '/home/raft/Rpi_Ard_ser/install/my_mav_pkg/lib'
[9.609s] Level 1:colcon.colcon_core.environment:checking '/home/raft/Rpi_Ard_ser/install/my_mav_pkg/bin'
[9.609s] Level 1:colcon.colcon_core.environment:checking '/home/raft/Rpi_Ard_ser/install/my_mav_pkg/lib/pkgconfig/my_mav_pkg.pc'
[9.610s] Level 1:colcon.colcon_core.environment:checking '/home/raft/Rpi_Ard_ser/install/my_mav_pkg/lib/python3.10/site-packages'
[9.611s] Level 1:colcon.colcon_core.shell:create_environment_hook('my_mav_pkg', 'pythonpath')
[9.612s] INFO:colcon.colcon_core.shell:Creating environment hook '/home/raft/Rpi_Ard_ser/install/my_mav_pkg/share/my_mav_pkg/hook/pythonpath.ps1'
[9.614s] INFO:colcon.colcon_core.shell:Creating environment descriptor '/home/raft/Rpi_Ard_ser/install/my_mav_pkg/share/my_mav_pkg/hook/pythonpath.dsv'
[9.616s] INFO:colcon.colcon_core.shell:Creating environment hook '/home/raft/Rpi_Ard_ser/install/my_mav_pkg/share/my_mav_pkg/hook/pythonpath.sh'
[9.619s] Level 1:colcon.colcon_core.environment:checking '/home/raft/Rpi_Ard_ser/install/my_mav_pkg/bin'
[9.619s] Level 1:colcon.colcon_core.environment:create_environment_scripts_only(my_mav_pkg)
[9.621s] INFO:colcon.colcon_core.shell:Creating package script '/home/raft/Rpi_Ard_ser/install/my_mav_pkg/share/my_mav_pkg/package.ps1'
[9.628s] INFO:colcon.colcon_core.shell:Creating package descriptor '/home/raft/Rpi_Ard_ser/install/my_mav_pkg/share/my_mav_pkg/package.dsv'
[9.632s] INFO:colcon.colcon_core.shell:Creating package script '/home/raft/Rpi_Ard_ser/install/my_mav_pkg/share/my_mav_pkg/package.sh'
[9.637s] INFO:colcon.colcon_core.shell:Creating package script '/home/raft/Rpi_Ard_ser/install/my_mav_pkg/share/my_mav_pkg/package.bash'
[9.645s] INFO:colcon.colcon_core.shell:Creating package script '/home/raft/Rpi_Ard_ser/install/my_mav_pkg/share/my_mav_pkg/package.zsh'
[9.652s] Level 1:colcon.colcon_core.environment:create_file_with_runtime_dependencies(/home/raft/Rpi_Ard_ser/install/my_mav_pkg/share/colcon-core/packages/my_mav_pkg)
[9.654s] DEBUG:colcon.colcon_parallel_executor.executor.parallel:closing loop
[9.655s] DEBUG:colcon.colcon_parallel_executor.executor.parallel:loop closed
[9.656s] DEBUG:colcon.colcon_parallel_executor.executor.parallel:run_until_complete finished with '0'
[9.656s] DEBUG:colcon.colcon_core.event_reactor:joining thread
[9.682s] INFO:colcon.colcon_core.plugin_system:Skipping extension 'colcon_notification.desktop_notification.terminal_notifier': Not used on non-Darwin systems
[9.682s] INFO:colcon.colcon_core.plugin_system:Skipping extension 'colcon_notification.desktop_notification.win32': Not used on non-Windows systems
[9.682s] INFO:colcon.colcon_notification.desktop_notification:Sending desktop notification using 'notify2'
[9.781s] DEBUG:colcon.colcon_core.event_reactor:joined thread
[9.783s] INFO:colcon.colcon_core.shell:Creating prefix script '/home/raft/Rpi_Ard_ser/install/local_setup.ps1'
[9.788s] INFO:colcon.colcon_core.shell:Creating prefix util module '/home/raft/Rpi_Ard_ser/install/_local_setup_util_ps1.py'
[9.803s] INFO:colcon.colcon_core.shell:Creating prefix chain script '/home/raft/Rpi_Ard_ser/install/setup.ps1'
[9.811s] INFO:colcon.colcon_core.shell:Creating prefix script '/home/raft/Rpi_Ard_ser/install/local_setup.sh'
[9.816s] INFO:colcon.colcon_core.shell:Creating prefix util module '/home/raft/Rpi_Ard_ser/install/_local_setup_util_sh.py'
[9.820s] INFO:colcon.colcon_core.shell:Creating prefix chain script '/home/raft/Rpi_Ard_ser/install/setup.sh'
[9.828s] INFO:colcon.colcon_core.shell:Creating prefix script '/home/raft/Rpi_Ard_ser/install/local_setup.bash'
[9.834s] INFO:colcon.colcon_core.shell:Creating prefix chain script '/home/raft/Rpi_Ard_ser/install/setup.bash'
[9.843s] INFO:colcon.colcon_core.shell:Creating prefix script '/home/raft/Rpi_Ard_ser/install/local_setup.zsh'
[9.846s] INFO:colcon.colcon_core.shell:Creating prefix chain script '/home/raft/Rpi_Ard_ser/install/setup.zsh'
