[2.727s] Invoking command in '/home/raft/Rpi_Ard_ser/src/my_mav_pkg': PYTHONPATH=/home/raft/Rpi_Ard_ser/build/my_mav_pkg/prefix_override:/usr/lib/python3/dist-packages/colcon_core/task/python/colcon_distutils_commands:/home/raft/Rpi_Ard_ser/install/my_mav_pkg/lib/python3.10/site-packages:${PYTHONPATH} /usr/bin/python3 -W ignore:setup.py install is deprecated -W ignore:easy_install command is deprecated setup.py egg_info --egg-base ../../build/my_mav_pkg build --build-base /home/raft/Rpi_Ard_ser/build/my_mav_pkg/build install --record /home/raft/Rpi_Ard_ser/build/my_mav_pkg/install.log --single-version-externally-managed install_data
[3.832s] running egg_info
[3.835s] writing ../../build/my_mav_pkg/my_mav_pkg.egg-info/PKG-INFO
[3.836s] writing dependency_links to ../../build/my_mav_pkg/my_mav_pkg.egg-info/dependency_links.txt
[3.837s] writing entry points to ../../build/my_mav_pkg/my_mav_pkg.egg-info/entry_points.txt
[3.838s] writing requirements to ../../build/my_mav_pkg/my_mav_pkg.egg-info/requires.txt
[3.838s] writing top-level names to ../../build/my_mav_pkg/my_mav_pkg.egg-info/top_level.txt
[3.846s] reading manifest file '../../build/my_mav_pkg/my_mav_pkg.egg-info/SOURCES.txt'
[3.851s] writing manifest file '../../build/my_mav_pkg/my_mav_pkg.egg-info/SOURCES.txt'
[3.852s] running build
[3.852s] running build_py
[3.853s] copying my_mav_pkg/camera_publisher.py -> /home/raft/Rpi_Ard_ser/build/my_mav_pkg/build/lib/my_mav_pkg
[3.855s] running install
[3.856s] running install_lib
[3.860s] copying /home/raft/Rpi_Ard_ser/build/my_mav_pkg/build/lib/my_mav_pkg/camera_publisher.py -> /home/raft/Rpi_Ard_ser/install/my_mav_pkg/lib/python3.10/site-packages/my_mav_pkg
[3.864s] byte-compiling /home/raft/Rpi_Ard_ser/install/my_mav_pkg/lib/python3.10/site-packages/my_mav_pkg/camera_publisher.py to camera_publisher.cpython-310.pyc
[3.867s] running install_data
[3.867s] running install_egg_info
[3.874s] removing '/home/raft/Rpi_Ard_ser/install/my_mav_pkg/lib/python3.10/site-packages/my_mav_pkg-0.0.0-py3.10.egg-info' (and everything under it)
[3.876s] Copying ../../build/my_mav_pkg/my_mav_pkg.egg-info to /home/raft/Rpi_Ard_ser/install/my_mav_pkg/lib/python3.10/site-packages/my_mav_pkg-0.0.0-py3.10.egg-info
[3.881s] running install_scripts
[3.961s] Installing camera_publisher script to /home/raft/Rpi_Ard_ser/install/my_mav_pkg/lib/my_mav_pkg
[3.962s] Installing send_arduino script to /home/raft/Rpi_Ard_ser/install/my_mav_pkg/lib/my_mav_pkg
[3.964s] writing list of installed files to '/home/raft/Rpi_Ard_ser/build/my_mav_pkg/install.log'
[4.079s] Invoked command in '/home/raft/Rpi_Ard_ser/src/my_mav_pkg' returned '0': PYTHONPATH=/home/raft/Rpi_Ard_ser/build/my_mav_pkg/prefix_override:/usr/lib/python3/dist-packages/colcon_core/task/python/colcon_distutils_commands:/home/raft/Rpi_Ard_ser/install/my_mav_pkg/lib/python3.10/site-packages:${PYTHONPATH} /usr/bin/python3 -W ignore:setup.py install is deprecated -W ignore:easy_install command is deprecated setup.py egg_info --egg-base ../../build/my_mav_pkg build --build-base /home/raft/Rpi_Ard_ser/build/my_mav_pkg/build install --record /home/raft/Rpi_Ard_ser/build/my_mav_pkg/install.log --single-version-externally-managed install_data
