[0.888s] DEBUG:colcon:Command line arguments: ['/usr/bin/colcon', 'build']
[0.889s] DEBUG:colcon:Parsed command line arguments: Namespace(log_base=None, log_level=None, verb_name='build', build_base='build', install_base='install', merge_install=False, symlink_install=False, test_result_base=None, continue_on_error=False, executor='parallel', parallel_workers=4, event_handlers=None, ignore_user_meta=False, metas=['./colcon.meta'], base_paths=['.'], packages_ignore=None, packages_ignore_regex=None, paths=None, packages_up_to=None, packages_up_to_regex=None, packages_above=None, packages_above_and_dependencies=None, packages_above_depth=None, packages_select_by_dep=None, packages_skip_by_dep=None, packages_skip_up_to=None, packages_select_build_failed=False, packages_skip_build_finished=False, packages_select_test_failures=False, packages_skip_test_passed=False, packages_select=None, packages_skip=None, packages_select_regex=None, packages_skip_regex=None, packages_start=None, packages_end=None, allow_overriding=[], cmake_args=None, cmake_target=None, cmake_target_skip_unavailable=False, cmake_clean_cache=False, cmake_clean_first=False, cmake_force_configure=False, ament_cmake_args=None, catkin_cmake_args=None, catkin_skip_building_tests=False, mixin_files=None, mixin=None, verb_parser=<colcon_mixin.mixin.mixin_argument.MixinArgumentDecorator object at 0xffff889559f0>, verb_extension=<colcon_core.verb.build.BuildVerb object at 0xffff88afe980>, main=<bound method BuildVerb.main of <colcon_core.verb.build.BuildVerb object at 0xffff88afe980>>, mixin_verb=('build',))
[2.289s] Level 1:colcon.colcon_core.package_discovery:discover_packages(colcon_meta) check parameters
[2.290s] Level 1:colcon.colcon_core.package_discovery:discover_packages(recursive) check parameters
[2.291s] Level 1:colcon.colcon_core.package_discovery:discover_packages(ignore) check parameters
[2.291s] Level 1:colcon.colcon_core.package_discovery:discover_packages(path) check parameters
[2.291s] Level 1:colcon.colcon_core.package_discovery:discover_packages(colcon_meta) discover
[2.294s] Level 1:colcon.colcon_core.package_discovery:discover_packages(recursive) discover
[2.300s] INFO:colcon.colcon_core.package_discovery:Crawling recursively for packages in '/home/raft/Rpi_Ard_ser'
[2.300s] Level 1:colcon.colcon_core.package_identification:_identify(.) by extensions ['ignore', 'ignore_ament_install']
[2.301s] Level 1:colcon.colcon_core.package_identification:_identify(.) by extension 'ignore'
[2.302s] Level 1:colcon.colcon_core.package_identification:_identify(.) by extension 'ignore_ament_install'
[2.302s] Level 1:colcon.colcon_core.package_identification:_identify(.) by extensions ['colcon_pkg']
[2.303s] Level 1:colcon.colcon_core.package_identification:_identify(.) by extension 'colcon_pkg'
[2.303s] Level 1:colcon.colcon_core.package_identification:_identify(.) by extensions ['colcon_meta']
[2.303s] Level 1:colcon.colcon_core.package_identification:_identify(.) by extension 'colcon_meta'
[2.303s] Level 1:colcon.colcon_core.package_identification:_identify(.) by extensions ['ros']
[2.303s] Level 1:colcon.colcon_core.package_identification:_identify(.) by extension 'ros'
[2.378s] Level 1:colcon.colcon_core.package_identification:_identify(.) by extensions ['cmake', 'python']
[2.378s] Level 1:colcon.colcon_core.package_identification:_identify(.) by extension 'cmake'
[2.378s] Level 1:colcon.colcon_core.package_identification:_identify(.) by extension 'python'
[2.379s] Level 1:colcon.colcon_core.package_identification:_identify(.) by extensions ['python_setup_py']
[2.379s] Level 1:colcon.colcon_core.package_identification:_identify(.) by extension 'python_setup_py'
[2.380s] Level 1:colcon.colcon_core.package_identification:_identify(build) by extensions ['ignore', 'ignore_ament_install']
[2.380s] Level 1:colcon.colcon_core.package_identification:_identify(build) by extension 'ignore'
[2.380s] Level 1:colcon.colcon_core.package_identification:_identify(build) ignored
[2.381s] Level 1:colcon.colcon_core.package_identification:_identify(install) by extensions ['ignore', 'ignore_ament_install']
[2.382s] Level 1:colcon.colcon_core.package_identification:_identify(install) by extension 'ignore'
[2.382s] Level 1:colcon.colcon_core.package_identification:_identify(install) ignored
[2.383s] Level 1:colcon.colcon_core.package_identification:_identify(log) by extensions ['ignore', 'ignore_ament_install']
[2.383s] Level 1:colcon.colcon_core.package_identification:_identify(log) by extension 'ignore'
[2.383s] Level 1:colcon.colcon_core.package_identification:_identify(log) ignored
[2.384s] Level 1:colcon.colcon_core.package_identification:_identify(src) by extensions ['ignore', 'ignore_ament_install']
[2.384s] Level 1:colcon.colcon_core.package_identification:_identify(src) by extension 'ignore'
[2.384s] Level 1:colcon.colcon_core.package_identification:_identify(src) by extension 'ignore_ament_install'
[2.385s] Level 1:colcon.colcon_core.package_identification:_identify(src) by extensions ['colcon_pkg']
[2.385s] Level 1:colcon.colcon_core.package_identification:_identify(src) by extension 'colcon_pkg'
[2.385s] Level 1:colcon.colcon_core.package_identification:_identify(src) by extensions ['colcon_meta']
[2.385s] Level 1:colcon.colcon_core.package_identification:_identify(src) by extension 'colcon_meta'
[2.385s] Level 1:colcon.colcon_core.package_identification:_identify(src) by extensions ['ros']
[2.386s] Level 1:colcon.colcon_core.package_identification:_identify(src) by extension 'ros'
[2.386s] Level 1:colcon.colcon_core.package_identification:_identify(src) by extensions ['cmake', 'python']
[2.386s] Level 1:colcon.colcon_core.package_identification:_identify(src) by extension 'cmake'
[2.386s] Level 1:colcon.colcon_core.package_identification:_identify(src) by extension 'python'
[2.386s] Level 1:colcon.colcon_core.package_identification:_identify(src) by extensions ['python_setup_py']
[2.387s] Level 1:colcon.colcon_core.package_identification:_identify(src) by extension 'python_setup_py'
[2.387s] Level 1:colcon.colcon_core.package_identification:_identify(src/my_mav_pkg) by extensions ['ignore', 'ignore_ament_install']
[2.388s] Level 1:colcon.colcon_core.package_identification:_identify(src/my_mav_pkg) by extension 'ignore'
[2.388s] Level 1:colcon.colcon_core.package_identification:_identify(src/my_mav_pkg) by extension 'ignore_ament_install'
[2.388s] Level 1:colcon.colcon_core.package_identification:_identify(src/my_mav_pkg) by extensions ['colcon_pkg']
[2.388s] Level 1:colcon.colcon_core.package_identification:_identify(src/my_mav_pkg) by extension 'colcon_pkg'
[2.389s] Level 1:colcon.colcon_core.package_identification:_identify(src/my_mav_pkg) by extensions ['colcon_meta']
[2.389s] Level 1:colcon.colcon_core.package_identification:_identify(src/my_mav_pkg) by extension 'colcon_meta'
[2.389s] Level 1:colcon.colcon_core.package_identification:_identify(src/my_mav_pkg) by extensions ['ros']
[2.389s] Level 1:colcon.colcon_core.package_identification:_identify(src/my_mav_pkg) by extension 'ros'
[2.409s] DEBUG:colcon.colcon_core.package_identification:Package 'src/my_mav_pkg' with type 'ros.ament_python' and name 'my_mav_pkg'
[2.409s] Level 1:colcon.colcon_core.package_discovery:discover_packages(recursive) using defaults
[2.409s] Level 1:colcon.colcon_core.package_discovery:discover_packages(ignore) discover
[2.409s] Level 1:colcon.colcon_core.package_discovery:discover_packages(ignore) using defaults
[2.410s] Level 1:colcon.colcon_core.package_discovery:discover_packages(path) discover
[2.410s] Level 1:colcon.colcon_core.package_discovery:discover_packages(path) using defaults
[2.617s] Level 1:colcon.colcon_core.package_discovery:discover_packages(prefix_path) check parameters
[2.617s] Level 1:colcon.colcon_core.package_discovery:discover_packages(prefix_path) discover
[2.632s] DEBUG:colcon.colcon_installed_package_information.package_discovery:Found 1 installed packages in /home/raft/Rpi_Ard_ser/install
[2.642s] DEBUG:colcon.colcon_installed_package_information.package_discovery:Found 278 installed packages in /opt/ros/humble
[2.649s] Level 1:colcon.colcon_core.package_discovery:discover_packages(prefix_path) using defaults
[2.851s] Level 5:colcon.colcon_core.verb:set package 'my_mav_pkg' build argument 'cmake_args' from command line to 'None'
[2.851s] Level 5:colcon.colcon_core.verb:set package 'my_mav_pkg' build argument 'cmake_target' from command line to 'None'
[2.851s] Level 5:colcon.colcon_core.verb:set package 'my_mav_pkg' build argument 'cmake_target_skip_unavailable' from command line to 'False'
[2.851s] Level 5:colcon.colcon_core.verb:set package 'my_mav_pkg' build argument 'cmake_clean_cache' from command line to 'False'
[2.851s] Level 5:colcon.colcon_core.verb:set package 'my_mav_pkg' build argument 'cmake_clean_first' from command line to 'False'
[2.852s] Level 5:colcon.colcon_core.verb:set package 'my_mav_pkg' build argument 'cmake_force_configure' from command line to 'False'
[2.852s] Level 5:colcon.colcon_core.verb:set package 'my_mav_pkg' build argument 'ament_cmake_args' from command line to 'None'
[2.852s] Level 5:colcon.colcon_core.verb:set package 'my_mav_pkg' build argument 'catkin_cmake_args' from command line to 'None'
[2.852s] Level 5:colcon.colcon_core.verb:set package 'my_mav_pkg' build argument 'catkin_skip_building_tests' from command line to 'False'
[2.852s] DEBUG:colcon.colcon_core.verb:Building package 'my_mav_pkg' with the following arguments: {'ament_cmake_args': None, 'build_base': '/home/raft/Rpi_Ard_ser/build/my_mav_pkg', 'catkin_cmake_args': None, 'catkin_skip_building_tests': False, 'cmake_args': None, 'cmake_clean_cache': False, 'cmake_clean_first': False, 'cmake_force_configure': False, 'cmake_target': None, 'cmake_target_skip_unavailable': False, 'install_base': '/home/raft/Rpi_Ard_ser/install/my_mav_pkg', 'merge_install': False, 'path': '/home/raft/Rpi_Ard_ser/src/my_mav_pkg', 'symlink_install': False, 'test_result_base': None}
[2.853s] INFO:colcon.colcon_core.executor:Executing jobs using 'parallel' executor
[2.856s] DEBUG:colcon.colcon_parallel_executor.executor.parallel:run_until_complete
[2.857s] INFO:colcon.colcon_ros.task.ament_python.build:Building ROS package in '/home/raft/Rpi_Ard_ser/src/my_mav_pkg' with build type 'ament_python'
[2.858s] Level 1:colcon.colcon_core.shell:create_environment_hook('my_mav_pkg', 'ament_prefix_path')
[2.890s] INFO:colcon.colcon_core.plugin_system:Skipping extension 'colcon_core.shell.bat': Not used on non-Windows systems
[2.891s] INFO:colcon.colcon_core.shell:Creating environment hook '/home/raft/Rpi_Ard_ser/install/my_mav_pkg/share/my_mav_pkg/hook/ament_prefix_path.ps1'
[2.896s] INFO:colcon.colcon_core.shell:Creating environment descriptor '/home/raft/Rpi_Ard_ser/install/my_mav_pkg/share/my_mav_pkg/hook/ament_prefix_path.dsv'
[2.899s] INFO:colcon.colcon_core.shell:Creating environment hook '/home/raft/Rpi_Ard_ser/install/my_mav_pkg/share/my_mav_pkg/hook/ament_prefix_path.sh'
[2.903s] INFO:colcon.colcon_core.shell:Skip shell extension 'powershell' for command environment: Not usable outside of PowerShell
[2.904s] DEBUG:colcon.colcon_core.shell:Skip shell extension 'dsv' for command environment
[4.175s] INFO:colcon.colcon_core.task.python.build:Building Python package in '/home/raft/Rpi_Ard_ser/src/my_mav_pkg'
[4.176s] INFO:colcon.colcon_core.shell:Skip shell extension 'powershell' for command environment: Not usable outside of PowerShell
[4.177s] DEBUG:colcon.colcon_core.shell:Skip shell extension 'dsv' for command environment
[6.010s] DEBUG:colcon.colcon_core.event_handler.log_command:Invoking command in '/home/raft/Rpi_Ard_ser/src/my_mav_pkg': PYTHONPATH=/home/raft/Rpi_Ard_ser/build/my_mav_pkg/prefix_override:/usr/lib/python3/dist-packages/colcon_core/task/python/colcon_distutils_commands:/home/raft/Rpi_Ard_ser/install/my_mav_pkg/lib/python3.10/site-packages:${PYTHONPATH} /usr/bin/python3 -W ignore:setup.py install is deprecated -W ignore:easy_install command is deprecated setup.py egg_info --egg-base ../../build/my_mav_pkg build --build-base /home/raft/Rpi_Ard_ser/build/my_mav_pkg/build install --record /home/raft/Rpi_Ard_ser/build/my_mav_pkg/install.log --single-version-externally-managed install_data
[7.424s] DEBUG:colcon.colcon_core.event_handler.log_command:Invoked command in '/home/raft/Rpi_Ard_ser/src/my_mav_pkg' returned '0': PYTHONPATH=/home/raft/Rpi_Ard_ser/build/my_mav_pkg/prefix_override:/usr/lib/python3/dist-packages/colcon_core/task/python/colcon_distutils_commands:/home/raft/Rpi_Ard_ser/install/my_mav_pkg/lib/python3.10/site-packages:${PYTHONPATH} /usr/bin/python3 -W ignore:setup.py install is deprecated -W ignore:easy_install command is deprecated setup.py egg_info --egg-base ../../build/my_mav_pkg build --build-base /home/raft/Rpi_Ard_ser/build/my_mav_pkg/build install --record /home/raft/Rpi_Ard_ser/build/my_mav_pkg/install.log --single-version-externally-managed install_data
[7.455s] Level 1:colcon.colcon_core.environment:checking '/home/raft/Rpi_Ard_ser/install/my_mav_pkg' for CMake module files
[7.458s] Level 1:colcon.colcon_core.environment:checking '/home/raft/Rpi_Ard_ser/install/my_mav_pkg' for CMake config files
[7.463s] Level 1:colcon.colcon_core.environment:checking '/home/raft/Rpi_Ard_ser/install/my_mav_pkg/lib'
[7.464s] Level 1:colcon.colcon_core.environment:checking '/home/raft/Rpi_Ard_ser/install/my_mav_pkg/bin'
[7.464s] Level 1:colcon.colcon_core.environment:checking '/home/raft/Rpi_Ard_ser/install/my_mav_pkg/lib/pkgconfig/my_mav_pkg.pc'
[7.465s] Level 1:colcon.colcon_core.environment:checking '/home/raft/Rpi_Ard_ser/install/my_mav_pkg/lib/python3.10/site-packages'
[7.466s] Level 1:colcon.colcon_core.shell:create_environment_hook('my_mav_pkg', 'pythonpath')
[7.467s] INFO:colcon.colcon_core.shell:Creating environment hook '/home/raft/Rpi_Ard_ser/install/my_mav_pkg/share/my_mav_pkg/hook/pythonpath.ps1'
[7.469s] INFO:colcon.colcon_core.shell:Creating environment descriptor '/home/raft/Rpi_Ard_ser/install/my_mav_pkg/share/my_mav_pkg/hook/pythonpath.dsv'
[7.471s] INFO:colcon.colcon_core.shell:Creating environment hook '/home/raft/Rpi_Ard_ser/install/my_mav_pkg/share/my_mav_pkg/hook/pythonpath.sh'
[7.474s] Level 1:colcon.colcon_core.environment:checking '/home/raft/Rpi_Ard_ser/install/my_mav_pkg/bin'
[7.475s] Level 1:colcon.colcon_core.environment:create_environment_scripts_only(my_mav_pkg)
[7.476s] INFO:colcon.colcon_core.shell:Creating package script '/home/raft/Rpi_Ard_ser/install/my_mav_pkg/share/my_mav_pkg/package.ps1'
[7.482s] INFO:colcon.colcon_core.shell:Creating package descriptor '/home/raft/Rpi_Ard_ser/install/my_mav_pkg/share/my_mav_pkg/package.dsv'
[7.486s] INFO:colcon.colcon_core.shell:Creating package script '/home/raft/Rpi_Ard_ser/install/my_mav_pkg/share/my_mav_pkg/package.sh'
[7.492s] INFO:colcon.colcon_core.shell:Creating package script '/home/raft/Rpi_Ard_ser/install/my_mav_pkg/share/my_mav_pkg/package.bash'
[7.497s] INFO:colcon.colcon_core.shell:Creating package script '/home/raft/Rpi_Ard_ser/install/my_mav_pkg/share/my_mav_pkg/package.zsh'
[7.502s] Level 1:colcon.colcon_core.environment:create_file_with_runtime_dependencies(/home/raft/Rpi_Ard_ser/install/my_mav_pkg/share/colcon-core/packages/my_mav_pkg)
[7.505s] DEBUG:colcon.colcon_parallel_executor.executor.parallel:closing loop
[7.506s] DEBUG:colcon.colcon_parallel_executor.executor.parallel:loop closed
[7.506s] DEBUG:colcon.colcon_parallel_executor.executor.parallel:run_until_complete finished with '0'
[7.507s] DEBUG:colcon.colcon_core.event_reactor:joining thread
[7.534s] INFO:colcon.colcon_core.plugin_system:Skipping extension 'colcon_notification.desktop_notification.terminal_notifier': Not used on non-Darwin systems
[7.534s] INFO:colcon.colcon_core.plugin_system:Skipping extension 'colcon_notification.desktop_notification.win32': Not used on non-Windows systems
[7.534s] INFO:colcon.colcon_notification.desktop_notification:Sending desktop notification using 'notify2'
[7.638s] DEBUG:colcon.colcon_core.event_reactor:joined thread
[7.640s] INFO:colcon.colcon_core.shell:Creating prefix script '/home/raft/Rpi_Ard_ser/install/local_setup.ps1'
[7.654s] INFO:colcon.colcon_core.shell:Creating prefix util module '/home/raft/Rpi_Ard_ser/install/_local_setup_util_ps1.py'
[7.666s] INFO:colcon.colcon_core.shell:Creating prefix chain script '/home/raft/Rpi_Ard_ser/install/setup.ps1'
[7.675s] INFO:colcon.colcon_core.shell:Creating prefix script '/home/raft/Rpi_Ard_ser/install/local_setup.sh'
[7.682s] INFO:colcon.colcon_core.shell:Creating prefix util module '/home/raft/Rpi_Ard_ser/install/_local_setup_util_sh.py'
[7.688s] INFO:colcon.colcon_core.shell:Creating prefix chain script '/home/raft/Rpi_Ard_ser/install/setup.sh'
[7.695s] INFO:colcon.colcon_core.shell:Creating prefix script '/home/raft/Rpi_Ard_ser/install/local_setup.bash'
[7.702s] INFO:colcon.colcon_core.shell:Creating prefix chain script '/home/raft/Rpi_Ard_ser/install/setup.bash'
[7.707s] INFO:colcon.colcon_core.shell:Creating prefix script '/home/raft/Rpi_Ard_ser/install/local_setup.zsh'
[7.713s] INFO:colcon.colcon_core.shell:Creating prefix chain script '/home/raft/Rpi_Ard_ser/install/setup.zsh'
