[3.080s] Invoking command in '/home/raft/Rpi_Ard_ser/src/my_mav_pkg': PYTHONPATH=/home/raft/Rpi_Ard_ser/build/my_mav_pkg/prefix_override:/usr/lib/python3/dist-packages/colcon_core/task/python/colcon_distutils_commands:/home/raft/Rpi_Ard_ser/install/my_mav_pkg/lib/python3.10/site-packages:${PYTHONPATH} /usr/bin/python3 -W ignore:setup.py install is deprecated -W ignore:easy_install command is deprecated setup.py egg_info --egg-base ../../build/my_mav_pkg build --build-base /home/raft/Rpi_Ard_ser/build/my_mav_pkg/build install --record /home/raft/Rpi_Ard_ser/build/my_mav_pkg/install.log --single-version-externally-managed install_data
[4.318s] running egg_info
[4.321s] writing ../../build/my_mav_pkg/my_mav_pkg.egg-info/PKG-INFO
[4.322s] writing dependency_links to ../../build/my_mav_pkg/my_mav_pkg.egg-info/dependency_links.txt
[4.323s] writing entry points to ../../build/my_mav_pkg/my_mav_pkg.egg-info/entry_points.txt
[4.324s] writing requirements to ../../build/my_mav_pkg/my_mav_pkg.egg-info/requires.txt
[4.325s] writing top-level names to ../../build/my_mav_pkg/my_mav_pkg.egg-info/top_level.txt
[4.333s] reading manifest file '../../build/my_mav_pkg/my_mav_pkg.egg-info/SOURCES.txt'
[4.337s] writing manifest file '../../build/my_mav_pkg/my_mav_pkg.egg-info/SOURCES.txt'
[4.338s] running build
[4.339s] running build_py
[4.340s] copying my_mav_pkg/camera_publisher.py -> /home/raft/Rpi_Ard_ser/build/my_mav_pkg/build/lib/my_mav_pkg
[4.342s] running install
[4.343s] running install_lib
[4.347s] copying /home/raft/Rpi_Ard_ser/build/my_mav_pkg/build/lib/my_mav_pkg/camera_publisher.py -> /home/raft/Rpi_Ard_ser/install/my_mav_pkg/lib/python3.10/site-packages/my_mav_pkg
[4.351s] byte-compiling /home/raft/Rpi_Ard_ser/install/my_mav_pkg/lib/python3.10/site-packages/my_mav_pkg/camera_publisher.py to camera_publisher.cpython-310.pyc
[4.355s] running install_data
[4.356s] running install_egg_info
[4.363s] removing '/home/raft/Rpi_Ard_ser/install/my_mav_pkg/lib/python3.10/site-packages/my_mav_pkg-0.0.0-py3.10.egg-info' (and everything under it)
[4.365s] Copying ../../build/my_mav_pkg/my_mav_pkg.egg-info to /home/raft/Rpi_Ard_ser/install/my_mav_pkg/lib/python3.10/site-packages/my_mav_pkg-0.0.0-py3.10.egg-info
[4.377s] running install_scripts
[4.459s] Installing camera_publisher script to /home/raft/Rpi_Ard_ser/install/my_mav_pkg/lib/my_mav_pkg
[4.460s] Installing send_arduino script to /home/raft/Rpi_Ard_ser/install/my_mav_pkg/lib/my_mav_pkg
[4.462s] writing list of installed files to '/home/raft/Rpi_Ard_ser/build/my_mav_pkg/install.log'
[4.596s] Invoked command in '/home/raft/Rpi_Ard_ser/src/my_mav_pkg' returned '0': PYTHONPATH=/home/raft/Rpi_Ard_ser/build/my_mav_pkg/prefix_override:/usr/lib/python3/dist-packages/colcon_core/task/python/colcon_distutils_commands:/home/raft/Rpi_Ard_ser/install/my_mav_pkg/lib/python3.10/site-packages:${PYTHONPATH} /usr/bin/python3 -W ignore:setup.py install is deprecated -W ignore:easy_install command is deprecated setup.py egg_info --egg-base ../../build/my_mav_pkg build --build-base /home/raft/Rpi_Ard_ser/build/my_mav_pkg/build install --record /home/raft/Rpi_Ard_ser/build/my_mav_pkg/install.log --single-version-externally-managed install_data
