[1.206s] DEBUG:colcon:Command line arguments: ['/usr/bin/colcon', 'build', '--symlink-install']
[1.207s] DEBUG:colcon:Parsed command line arguments: Namespace(log_base=None, log_level=None, verb_name='build', build_base='build', install_base='install', merge_install=False, symlink_install=True, test_result_base=None, continue_on_error=False, executor='parallel', parallel_workers=4, event_handlers=None, ignore_user_meta=False, metas=['./colcon.meta'], base_paths=['.'], packages_ignore=None, packages_ignore_regex=None, paths=None, packages_up_to=None, packages_up_to_regex=None, packages_above=None, packages_above_and_dependencies=None, packages_above_depth=None, packages_select_by_dep=None, packages_skip_by_dep=None, packages_skip_up_to=None, packages_select_build_failed=False, packages_skip_build_finished=False, packages_select_test_failures=False, packages_skip_test_passed=False, packages_select=None, packages_skip=None, packages_select_regex=None, packages_skip_regex=None, packages_start=None, packages_end=None, allow_overriding=[], cmake_args=None, cmake_target=None, cmake_target_skip_unavailable=False, cmake_clean_cache=False, cmake_clean_first=False, cmake_force_configure=False, ament_cmake_args=None, catkin_cmake_args=None, catkin_skip_building_tests=False, mixin_files=None, mixin=None, verb_parser=<colcon_mixin.mixin.mixin_argument.MixinArgumentDecorator object at 0xffffa7ef96f0>, verb_extension=<colcon_core.verb.build.BuildVerb object at 0xffffa809e5f0>, main=<bound method BuildVerb.main of <colcon_core.verb.build.BuildVerb object at 0xffffa809e5f0>>, mixin_verb=('build',))
[2.586s] Level 1:colcon.colcon_core.package_discovery:discover_packages(colcon_meta) check parameters
[2.587s] Level 1:colcon.colcon_core.package_discovery:discover_packages(recursive) check parameters
[2.587s] Level 1:colcon.colcon_core.package_discovery:discover_packages(ignore) check parameters
[2.587s] Level 1:colcon.colcon_core.package_discovery:discover_packages(path) check parameters
[2.588s] Level 1:colcon.colcon_core.package_discovery:discover_packages(colcon_meta) discover
[2.588s] Level 1:colcon.colcon_core.package_discovery:discover_packages(recursive) discover
[2.588s] INFO:colcon.colcon_core.package_discovery:Crawling recursively for packages in '/home/raft/Rpi_Ard_ser'
[2.589s] Level 1:colcon.colcon_core.package_identification:_identify(.) by extensions ['ignore', 'ignore_ament_install']
[2.589s] Level 1:colcon.colcon_core.package_identification:_identify(.) by extension 'ignore'
[2.590s] Level 1:colcon.colcon_core.package_identification:_identify(.) by extension 'ignore_ament_install'
[2.590s] Level 1:colcon.colcon_core.package_identification:_identify(.) by extensions ['colcon_pkg']
[2.590s] Level 1:colcon.colcon_core.package_identification:_identify(.) by extension 'colcon_pkg'
[2.590s] Level 1:colcon.colcon_core.package_identification:_identify(.) by extensions ['colcon_meta']
[2.590s] Level 1:colcon.colcon_core.package_identification:_identify(.) by extension 'colcon_meta'
[2.591s] Level 1:colcon.colcon_core.package_identification:_identify(.) by extensions ['ros']
[2.591s] Level 1:colcon.colcon_core.package_identification:_identify(.) by extension 'ros'
[2.672s] Level 1:colcon.colcon_core.package_identification:_identify(.) by extensions ['cmake', 'python']
[2.672s] Level 1:colcon.colcon_core.package_identification:_identify(.) by extension 'cmake'
[2.672s] Level 1:colcon.colcon_core.package_identification:_identify(.) by extension 'python'
[2.673s] Level 1:colcon.colcon_core.package_identification:_identify(.) by extensions ['python_setup_py']
[2.673s] Level 1:colcon.colcon_core.package_identification:_identify(.) by extension 'python_setup_py'
[2.674s] Level 1:colcon.colcon_core.package_identification:_identify(build) by extensions ['ignore', 'ignore_ament_install']
[2.674s] Level 1:colcon.colcon_core.package_identification:_identify(build) by extension 'ignore'
[2.674s] Level 1:colcon.colcon_core.package_identification:_identify(build) ignored
[2.675s] Level 1:colcon.colcon_core.package_identification:_identify(install) by extensions ['ignore', 'ignore_ament_install']
[2.675s] Level 1:colcon.colcon_core.package_identification:_identify(install) by extension 'ignore'
[2.675s] Level 1:colcon.colcon_core.package_identification:_identify(install) ignored
[2.676s] Level 1:colcon.colcon_core.package_identification:_identify(log) by extensions ['ignore', 'ignore_ament_install']
[2.676s] Level 1:colcon.colcon_core.package_identification:_identify(log) by extension 'ignore'
[2.677s] Level 1:colcon.colcon_core.package_identification:_identify(log) ignored
[2.677s] Level 1:colcon.colcon_core.package_identification:_identify(src) by extensions ['ignore', 'ignore_ament_install']
[2.677s] Level 1:colcon.colcon_core.package_identification:_identify(src) by extension 'ignore'
[2.678s] Level 1:colcon.colcon_core.package_identification:_identify(src) by extension 'ignore_ament_install'
[2.678s] Level 1:colcon.colcon_core.package_identification:_identify(src) by extensions ['colcon_pkg']
[2.678s] Level 1:colcon.colcon_core.package_identification:_identify(src) by extension 'colcon_pkg'
[2.678s] Level 1:colcon.colcon_core.package_identification:_identify(src) by extensions ['colcon_meta']
[2.678s] Level 1:colcon.colcon_core.package_identification:_identify(src) by extension 'colcon_meta'
[2.678s] Level 1:colcon.colcon_core.package_identification:_identify(src) by extensions ['ros']
[2.679s] Level 1:colcon.colcon_core.package_identification:_identify(src) by extension 'ros'
[2.679s] Level 1:colcon.colcon_core.package_identification:_identify(src) by extensions ['cmake', 'python']
[2.679s] Level 1:colcon.colcon_core.package_identification:_identify(src) by extension 'cmake'
[2.679s] Level 1:colcon.colcon_core.package_identification:_identify(src) by extension 'python'
[2.679s] Level 1:colcon.colcon_core.package_identification:_identify(src) by extensions ['python_setup_py']
[2.680s] Level 1:colcon.colcon_core.package_identification:_identify(src) by extension 'python_setup_py'
[2.680s] Level 1:colcon.colcon_core.package_identification:_identify(src/my_mav_pkg) by extensions ['ignore', 'ignore_ament_install']
[2.681s] Level 1:colcon.colcon_core.package_identification:_identify(src/my_mav_pkg) by extension 'ignore'
[2.706s] Level 1:colcon.colcon_core.package_identification:_identify(src/my_mav_pkg) by extension 'ignore_ament_install'
[2.707s] Level 1:colcon.colcon_core.package_identification:_identify(src/my_mav_pkg) by extensions ['colcon_pkg']
[2.707s] Level 1:colcon.colcon_core.package_identification:_identify(src/my_mav_pkg) by extension 'colcon_pkg'
[2.708s] Level 1:colcon.colcon_core.package_identification:_identify(src/my_mav_pkg) by extensions ['colcon_meta']
[2.709s] Level 1:colcon.colcon_core.package_identification:_identify(src/my_mav_pkg) by extension 'colcon_meta'
[2.709s] Level 1:colcon.colcon_core.package_identification:_identify(src/my_mav_pkg) by extensions ['ros']
[2.709s] Level 1:colcon.colcon_core.package_identification:_identify(src/my_mav_pkg) by extension 'ros'
[2.766s] DEBUG:colcon.colcon_core.package_identification:Package 'src/my_mav_pkg' with type 'ros.ament_python' and name 'my_mav_pkg'
[2.767s] Level 1:colcon.colcon_core.package_discovery:discover_packages(recursive) using defaults
[2.767s] Level 1:colcon.colcon_core.package_discovery:discover_packages(ignore) discover
[2.767s] Level 1:colcon.colcon_core.package_discovery:discover_packages(ignore) using defaults
[2.767s] Level 1:colcon.colcon_core.package_discovery:discover_packages(path) discover
[2.768s] Level 1:colcon.colcon_core.package_discovery:discover_packages(path) using defaults
[2.984s] Level 1:colcon.colcon_core.package_discovery:discover_packages(prefix_path) check parameters
[2.984s] Level 1:colcon.colcon_core.package_discovery:discover_packages(prefix_path) discover
[3.006s] DEBUG:colcon.colcon_installed_package_information.package_discovery:Found 278 installed packages in /opt/ros/humble
[3.013s] Level 1:colcon.colcon_core.package_discovery:discover_packages(prefix_path) using defaults
[3.209s] Level 5:colcon.colcon_core.verb:set package 'my_mav_pkg' build argument 'cmake_args' from command line to 'None'
[3.210s] Level 5:colcon.colcon_core.verb:set package 'my_mav_pkg' build argument 'cmake_target' from command line to 'None'
[3.210s] Level 5:colcon.colcon_core.verb:set package 'my_mav_pkg' build argument 'cmake_target_skip_unavailable' from command line to 'False'
[3.210s] Level 5:colcon.colcon_core.verb:set package 'my_mav_pkg' build argument 'cmake_clean_cache' from command line to 'False'
[3.210s] Level 5:colcon.colcon_core.verb:set package 'my_mav_pkg' build argument 'cmake_clean_first' from command line to 'False'
[3.210s] Level 5:colcon.colcon_core.verb:set package 'my_mav_pkg' build argument 'cmake_force_configure' from command line to 'False'
[3.210s] Level 5:colcon.colcon_core.verb:set package 'my_mav_pkg' build argument 'ament_cmake_args' from command line to 'None'
[3.210s] Level 5:colcon.colcon_core.verb:set package 'my_mav_pkg' build argument 'catkin_cmake_args' from command line to 'None'
[3.210s] Level 5:colcon.colcon_core.verb:set package 'my_mav_pkg' build argument 'catkin_skip_building_tests' from command line to 'False'
[3.211s] DEBUG:colcon.colcon_core.verb:Building package 'my_mav_pkg' with the following arguments: {'ament_cmake_args': None, 'build_base': '/home/raft/Rpi_Ard_ser/build/my_mav_pkg', 'catkin_cmake_args': None, 'catkin_skip_building_tests': False, 'cmake_args': None, 'cmake_clean_cache': False, 'cmake_clean_first': False, 'cmake_force_configure': False, 'cmake_target': None, 'cmake_target_skip_unavailable': False, 'install_base': '/home/raft/Rpi_Ard_ser/install/my_mav_pkg', 'merge_install': False, 'path': '/home/raft/Rpi_Ard_ser/src/my_mav_pkg', 'symlink_install': True, 'test_result_base': None}
[3.211s] INFO:colcon.colcon_core.executor:Executing jobs using 'parallel' executor
[3.214s] DEBUG:colcon.colcon_parallel_executor.executor.parallel:run_until_complete
[3.215s] INFO:colcon.colcon_ros.task.ament_python.build:Building ROS package in '/home/raft/Rpi_Ard_ser/src/my_mav_pkg' with build type 'ament_python'
[3.216s] Level 1:colcon.colcon_core.shell:create_environment_hook('my_mav_pkg', 'ament_prefix_path')
[3.247s] INFO:colcon.colcon_core.plugin_system:Skipping extension 'colcon_core.shell.bat': Not used on non-Windows systems
[3.248s] INFO:colcon.colcon_core.shell:Creating environment hook '/home/raft/Rpi_Ard_ser/install/my_mav_pkg/share/my_mav_pkg/hook/ament_prefix_path.ps1'
[3.253s] INFO:colcon.colcon_core.shell:Creating environment descriptor '/home/raft/Rpi_Ard_ser/install/my_mav_pkg/share/my_mav_pkg/hook/ament_prefix_path.dsv'
[3.260s] INFO:colcon.colcon_core.shell:Creating environment hook '/home/raft/Rpi_Ard_ser/install/my_mav_pkg/share/my_mav_pkg/hook/ament_prefix_path.sh'
[3.264s] INFO:colcon.colcon_core.shell:Skip shell extension 'powershell' for command environment: Not usable outside of PowerShell
[3.265s] DEBUG:colcon.colcon_core.shell:Skip shell extension 'dsv' for command environment
[4.821s] INFO:colcon.colcon_core.task.python.build:Building Python package in '/home/raft/Rpi_Ard_ser/src/my_mav_pkg'
[4.823s] INFO:colcon.colcon_core.shell:Skip shell extension 'powershell' for command environment: Not usable outside of PowerShell
[4.823s] DEBUG:colcon.colcon_core.shell:Skip shell extension 'dsv' for command environment
[6.691s] DEBUG:colcon.colcon_core.task.python.build:While undoing a previous installation files outside the Python library path are being ignored: /home/raft/Rpi_Ard_ser/install/my_mav_pkg/share/ament_index/resource_index/packages/my_mav_pkg
[6.691s] DEBUG:colcon.colcon_core.task.python.build:While undoing a previous installation files outside the Python library path are being ignored: /home/raft/Rpi_Ard_ser/install/my_mav_pkg/share/my_mav_pkg/package.xml
[6.691s] DEBUG:colcon.colcon_core.task.python.build:While undoing a previous installation files outside the Python library path are being ignored: /home/raft/Rpi_Ard_ser/install/my_mav_pkg/share/my_mav_pkg/launch/realsense_ws.launch.py
[6.692s] DEBUG:colcon.colcon_core.task.python.build:While undoing a previous installation files outside the Python library path are being ignored: /home/raft/Rpi_Ard_ser/install/my_mav_pkg/lib/my_mav_pkg/camera_publisher
[6.693s] DEBUG:colcon.colcon_core.task.python.build:While undoing a previous installation files outside the Python library path are being ignored: /home/raft/Rpi_Ard_ser/install/my_mav_pkg/lib/my_mav_pkg/send_arduino
[6.698s] DEBUG:colcon.colcon_core.event_handler.log_command:Invoking command in '/home/raft/Rpi_Ard_ser/build/my_mav_pkg': PYTHONPATH=/home/raft/Rpi_Ard_ser/build/my_mav_pkg/prefix_override:/usr/lib/python3/dist-packages/colcon_core/task/python/colcon_distutils_commands:/home/raft/Rpi_Ard_ser/install/my_mav_pkg/lib/python3.10/site-packages:${PYTHONPATH} /usr/bin/python3 -W ignore:setup.py install is deprecated -W ignore:easy_install command is deprecated setup.py develop --editable --build-directory /home/raft/Rpi_Ard_ser/build/my_mav_pkg/build --no-deps symlink_data --force
[8.982s] Level 1:colcon.colcon_core.shell:create_environment_hook('my_mav_pkg', 'pythonpath_develop')
[8.983s] INFO:colcon.colcon_core.shell:Creating environment hook '/home/raft/Rpi_Ard_ser/build/my_mav_pkg/share/my_mav_pkg/hook/pythonpath_develop.ps1'
[8.986s] DEBUG:colcon.colcon_core.event_handler.log_command:Invoked command in '/home/raft/Rpi_Ard_ser/build/my_mav_pkg' returned '0': PYTHONPATH=/home/raft/Rpi_Ard_ser/build/my_mav_pkg/prefix_override:/usr/lib/python3/dist-packages/colcon_core/task/python/colcon_distutils_commands:/home/raft/Rpi_Ard_ser/install/my_mav_pkg/lib/python3.10/site-packages:${PYTHONPATH} /usr/bin/python3 -W ignore:setup.py install is deprecated -W ignore:easy_install command is deprecated setup.py develop --editable --build-directory /home/raft/Rpi_Ard_ser/build/my_mav_pkg/build --no-deps symlink_data --force
[8.988s] INFO:colcon.colcon_core.shell:Creating environment descriptor '/home/raft/Rpi_Ard_ser/build/my_mav_pkg/share/my_mav_pkg/hook/pythonpath_develop.dsv'
[8.990s] INFO:colcon.colcon_core.shell:Creating environment hook '/home/raft/Rpi_Ard_ser/build/my_mav_pkg/share/my_mav_pkg/hook/pythonpath_develop.sh'
[9.020s] Level 1:colcon.colcon_core.environment:checking '/home/raft/Rpi_Ard_ser/install/my_mav_pkg' for CMake module files
[9.023s] Level 1:colcon.colcon_core.environment:checking '/home/raft/Rpi_Ard_ser/install/my_mav_pkg' for CMake config files
[9.028s] Level 1:colcon.colcon_core.environment:checking '/home/raft/Rpi_Ard_ser/install/my_mav_pkg/lib'
[9.029s] Level 1:colcon.colcon_core.environment:checking '/home/raft/Rpi_Ard_ser/install/my_mav_pkg/bin'
[9.030s] Level 1:colcon.colcon_core.environment:checking '/home/raft/Rpi_Ard_ser/install/my_mav_pkg/lib/pkgconfig/my_mav_pkg.pc'
[9.031s] Level 1:colcon.colcon_core.environment:checking '/home/raft/Rpi_Ard_ser/install/my_mav_pkg/lib/python3.10/site-packages'
[9.032s] Level 1:colcon.colcon_core.shell:create_environment_hook('my_mav_pkg', 'pythonpath')
[9.033s] INFO:colcon.colcon_core.shell:Creating environment hook '/home/raft/Rpi_Ard_ser/install/my_mav_pkg/share/my_mav_pkg/hook/pythonpath.ps1'
[9.035s] INFO:colcon.colcon_core.shell:Creating environment descriptor '/home/raft/Rpi_Ard_ser/install/my_mav_pkg/share/my_mav_pkg/hook/pythonpath.dsv'
[9.038s] INFO:colcon.colcon_core.shell:Creating environment hook '/home/raft/Rpi_Ard_ser/install/my_mav_pkg/share/my_mav_pkg/hook/pythonpath.sh'
[9.042s] Level 1:colcon.colcon_core.environment:checking '/home/raft/Rpi_Ard_ser/install/my_mav_pkg/bin'
[9.043s] Level 1:colcon.colcon_core.environment:create_environment_scripts_only(my_mav_pkg)
[9.045s] INFO:colcon.colcon_core.shell:Creating package script '/home/raft/Rpi_Ard_ser/install/my_mav_pkg/share/my_mav_pkg/package.ps1'
[9.050s] INFO:colcon.colcon_core.shell:Creating package descriptor '/home/raft/Rpi_Ard_ser/install/my_mav_pkg/share/my_mav_pkg/package.dsv'
[9.054s] INFO:colcon.colcon_core.shell:Creating package script '/home/raft/Rpi_Ard_ser/install/my_mav_pkg/share/my_mav_pkg/package.sh'
[9.059s] INFO:colcon.colcon_core.shell:Creating package script '/home/raft/Rpi_Ard_ser/install/my_mav_pkg/share/my_mav_pkg/package.bash'
[9.064s] INFO:colcon.colcon_core.shell:Creating package script '/home/raft/Rpi_Ard_ser/install/my_mav_pkg/share/my_mav_pkg/package.zsh'
[9.070s] Level 1:colcon.colcon_core.environment:create_file_with_runtime_dependencies(/home/raft/Rpi_Ard_ser/install/my_mav_pkg/share/colcon-core/packages/my_mav_pkg)
[9.071s] DEBUG:colcon.colcon_parallel_executor.executor.parallel:closing loop
[9.072s] DEBUG:colcon.colcon_parallel_executor.executor.parallel:loop closed
[9.073s] DEBUG:colcon.colcon_parallel_executor.executor.parallel:run_until_complete finished with '0'
[9.073s] DEBUG:colcon.colcon_core.event_reactor:joining thread
[9.103s] INFO:colcon.colcon_core.plugin_system:Skipping extension 'colcon_notification.desktop_notification.terminal_notifier': Not used on non-Darwin systems
[9.104s] INFO:colcon.colcon_core.plugin_system:Skipping extension 'colcon_notification.desktop_notification.win32': Not used on non-Windows systems
[9.104s] INFO:colcon.colcon_notification.desktop_notification:Sending desktop notification using 'notify2'
[9.156s] DEBUG:colcon.colcon_core.event_reactor:joined thread
[9.158s] INFO:colcon.colcon_core.shell:Creating prefix script '/home/raft/Rpi_Ard_ser/install/local_setup.ps1'
[9.168s] INFO:colcon.colcon_core.shell:Creating prefix util module '/home/raft/Rpi_Ard_ser/install/_local_setup_util_ps1.py'
[9.180s] INFO:colcon.colcon_core.shell:Creating prefix chain script '/home/raft/Rpi_Ard_ser/install/setup.ps1'
[9.191s] INFO:colcon.colcon_core.shell:Creating prefix script '/home/raft/Rpi_Ard_ser/install/local_setup.sh'
[9.195s] INFO:colcon.colcon_core.shell:Creating prefix util module '/home/raft/Rpi_Ard_ser/install/_local_setup_util_sh.py'
[9.199s] INFO:colcon.colcon_core.shell:Creating prefix chain script '/home/raft/Rpi_Ard_ser/install/setup.sh'
[9.205s] INFO:colcon.colcon_core.shell:Creating prefix script '/home/raft/Rpi_Ard_ser/install/local_setup.bash'
[9.209s] INFO:colcon.colcon_core.shell:Creating prefix chain script '/home/raft/Rpi_Ard_ser/install/setup.bash'
[9.214s] INFO:colcon.colcon_core.shell:Creating prefix script '/home/raft/Rpi_Ard_ser/install/local_setup.zsh'
[9.218s] INFO:colcon.colcon_core.shell:Creating prefix chain script '/home/raft/Rpi_Ard_ser/install/setup.zsh'
