[0.748s] DEBUG:colcon:Command line arguments: ['/usr/bin/colcon', 'build', '--symlink-install']
[0.749s] DEBUG:colcon:Parsed command line arguments: Namespace(log_base=None, log_level=None, verb_name='build', build_base='build', install_base='install', merge_install=False, symlink_install=True, test_result_base=None, continue_on_error=False, executor='parallel', parallel_workers=4, event_handlers=None, ignore_user_meta=False, metas=['./colcon.meta'], base_paths=['.'], packages_ignore=None, packages_ignore_regex=None, paths=None, packages_up_to=None, packages_up_to_regex=None, packages_above=None, packages_above_and_dependencies=None, packages_above_depth=None, packages_select_by_dep=None, packages_skip_by_dep=None, packages_skip_up_to=None, packages_select_build_failed=False, packages_skip_build_finished=False, packages_select_test_failures=False, packages_skip_test_passed=False, packages_select=None, packages_skip=None, packages_select_regex=None, packages_skip_regex=None, packages_start=None, packages_end=None, allow_overriding=[], cmake_args=None, cmake_target=None, cmake_target_skip_unavailable=False, cmake_clean_cache=False, cmake_clean_first=False, cmake_force_configure=False, ament_cmake_args=None, catkin_cmake_args=None, catkin_skip_building_tests=False, mixin_files=None, mixin=None, verb_parser=<colcon_mixin.mixin.mixin_argument.MixinArgumentDecorator object at 0xffff95559a80>, verb_extension=<colcon_core.verb.build.BuildVerb object at 0xffff956fea10>, main=<bound method BuildVerb.main of <colcon_core.verb.build.BuildVerb object at 0xffff956fea10>>, mixin_verb=('build',))
[2.020s] Level 1:colcon.colcon_core.package_discovery:discover_packages(colcon_meta) check parameters
[2.020s] Level 1:colcon.colcon_core.package_discovery:discover_packages(recursive) check parameters
[2.021s] Level 1:colcon.colcon_core.package_discovery:discover_packages(ignore) check parameters
[2.021s] Level 1:colcon.colcon_core.package_discovery:discover_packages(path) check parameters
[2.021s] Level 1:colcon.colcon_core.package_discovery:discover_packages(colcon_meta) discover
[2.021s] Level 1:colcon.colcon_core.package_discovery:discover_packages(recursive) discover
[2.021s] INFO:colcon.colcon_core.package_discovery:Crawling recursively for packages in '/home/raft-controller/Rpi_Ard_ser'
[2.022s] Level 1:colcon.colcon_core.package_identification:_identify(.) by extensions ['ignore', 'ignore_ament_install']
[2.023s] Level 1:colcon.colcon_core.package_identification:_identify(.) by extension 'ignore'
[2.023s] Level 1:colcon.colcon_core.package_identification:_identify(.) by extension 'ignore_ament_install'
[2.023s] Level 1:colcon.colcon_core.package_identification:_identify(.) by extensions ['colcon_pkg']
[2.024s] Level 1:colcon.colcon_core.package_identification:_identify(.) by extension 'colcon_pkg'
[2.024s] Level 1:colcon.colcon_core.package_identification:_identify(.) by extensions ['colcon_meta']
[2.024s] Level 1:colcon.colcon_core.package_identification:_identify(.) by extension 'colcon_meta'
[2.024s] Level 1:colcon.colcon_core.package_identification:_identify(.) by extensions ['ros']
[2.025s] Level 1:colcon.colcon_core.package_identification:_identify(.) by extension 'ros'
[2.083s] Level 1:colcon.colcon_core.package_identification:_identify(.) by extensions ['cmake', 'python']
[2.083s] Level 1:colcon.colcon_core.package_identification:_identify(.) by extension 'cmake'
[2.084s] Level 1:colcon.colcon_core.package_identification:_identify(.) by extension 'python'
[2.084s] Level 1:colcon.colcon_core.package_identification:_identify(.) by extensions ['python_setup_py']
[2.084s] Level 1:colcon.colcon_core.package_identification:_identify(.) by extension 'python_setup_py'
[2.085s] Level 1:colcon.colcon_core.package_identification:_identify(build) by extensions ['ignore', 'ignore_ament_install']
[2.085s] Level 1:colcon.colcon_core.package_identification:_identify(build) by extension 'ignore'
[2.085s] Level 1:colcon.colcon_core.package_identification:_identify(build) ignored
[2.086s] Level 1:colcon.colcon_core.package_identification:_identify(install) by extensions ['ignore', 'ignore_ament_install']
[2.087s] Level 1:colcon.colcon_core.package_identification:_identify(install) by extension 'ignore'
[2.087s] Level 1:colcon.colcon_core.package_identification:_identify(install) ignored
[2.088s] Level 1:colcon.colcon_core.package_identification:_identify(log) by extensions ['ignore', 'ignore_ament_install']
[2.089s] Level 1:colcon.colcon_core.package_identification:_identify(log) by extension 'ignore'
[2.089s] Level 1:colcon.colcon_core.package_identification:_identify(log) ignored
[2.090s] Level 1:colcon.colcon_core.package_identification:_identify(src) by extensions ['ignore', 'ignore_ament_install']
[2.090s] Level 1:colcon.colcon_core.package_identification:_identify(src) by extension 'ignore'
[2.090s] Level 1:colcon.colcon_core.package_identification:_identify(src) by extension 'ignore_ament_install'
[2.091s] Level 1:colcon.colcon_core.package_identification:_identify(src) by extensions ['colcon_pkg']
[2.091s] Level 1:colcon.colcon_core.package_identification:_identify(src) by extension 'colcon_pkg'
[2.091s] Level 1:colcon.colcon_core.package_identification:_identify(src) by extensions ['colcon_meta']
[2.092s] Level 1:colcon.colcon_core.package_identification:_identify(src) by extension 'colcon_meta'
[2.092s] Level 1:colcon.colcon_core.package_identification:_identify(src) by extensions ['ros']
[2.092s] Level 1:colcon.colcon_core.package_identification:_identify(src) by extension 'ros'
[2.093s] Level 1:colcon.colcon_core.package_identification:_identify(src) by extensions ['cmake', 'python']
[2.093s] Level 1:colcon.colcon_core.package_identification:_identify(src) by extension 'cmake'
[2.093s] Level 1:colcon.colcon_core.package_identification:_identify(src) by extension 'python'
[2.094s] Level 1:colcon.colcon_core.package_identification:_identify(src) by extensions ['python_setup_py']
[2.094s] Level 1:colcon.colcon_core.package_identification:_identify(src) by extension 'python_setup_py'
[2.095s] Level 1:colcon.colcon_core.package_identification:_identify(src/px4_msgs) by extensions ['ignore', 'ignore_ament_install']
[2.095s] Level 1:colcon.colcon_core.package_identification:_identify(src/px4_msgs) by extension 'ignore'
[2.096s] Level 1:colcon.colcon_core.package_identification:_identify(src/px4_msgs) by extension 'ignore_ament_install'
[2.096s] Level 1:colcon.colcon_core.package_identification:_identify(src/px4_msgs) by extensions ['colcon_pkg']
[2.096s] Level 1:colcon.colcon_core.package_identification:_identify(src/px4_msgs) by extension 'colcon_pkg'
[2.097s] Level 1:colcon.colcon_core.package_identification:_identify(src/px4_msgs) by extensions ['colcon_meta']
[2.097s] Level 1:colcon.colcon_core.package_identification:_identify(src/px4_msgs) by extension 'colcon_meta'
[2.097s] Level 1:colcon.colcon_core.package_identification:_identify(src/px4_msgs) by extensions ['ros']
[2.098s] Level 1:colcon.colcon_core.package_identification:_identify(src/px4_msgs) by extension 'ros'
[2.111s] DEBUG:colcon.colcon_core.package_identification:Package 'src/px4_msgs' with type 'ros.ament_cmake' and name 'px4_msgs'
[2.111s] Level 1:colcon.colcon_core.package_discovery:discover_packages(recursive) using defaults
[2.112s] Level 1:colcon.colcon_core.package_discovery:discover_packages(ignore) discover
[2.112s] Level 1:colcon.colcon_core.package_discovery:discover_packages(ignore) using defaults
[2.112s] Level 1:colcon.colcon_core.package_discovery:discover_packages(path) discover
[2.112s] Level 1:colcon.colcon_core.package_discovery:discover_packages(path) using defaults
[2.260s] Level 1:colcon.colcon_core.package_discovery:discover_packages(prefix_path) check parameters
[2.261s] Level 1:colcon.colcon_core.package_discovery:discover_packages(prefix_path) discover
[2.280s] DEBUG:colcon.colcon_installed_package_information.package_discovery:Found 278 installed packages in /opt/ros/humble
[2.289s] Level 1:colcon.colcon_core.package_discovery:discover_packages(prefix_path) using defaults
[2.539s] Level 5:colcon.colcon_core.verb:set package 'px4_msgs' build argument 'cmake_args' from command line to 'None'
[2.539s] Level 5:colcon.colcon_core.verb:set package 'px4_msgs' build argument 'cmake_target' from command line to 'None'
[2.539s] Level 5:colcon.colcon_core.verb:set package 'px4_msgs' build argument 'cmake_target_skip_unavailable' from command line to 'False'
[2.539s] Level 5:colcon.colcon_core.verb:set package 'px4_msgs' build argument 'cmake_clean_cache' from command line to 'False'
[2.540s] Level 5:colcon.colcon_core.verb:set package 'px4_msgs' build argument 'cmake_clean_first' from command line to 'False'
[2.540s] Level 5:colcon.colcon_core.verb:set package 'px4_msgs' build argument 'cmake_force_configure' from command line to 'False'
[2.540s] Level 5:colcon.colcon_core.verb:set package 'px4_msgs' build argument 'ament_cmake_args' from command line to 'None'
[2.540s] Level 5:colcon.colcon_core.verb:set package 'px4_msgs' build argument 'catkin_cmake_args' from command line to 'None'
[2.540s] Level 5:colcon.colcon_core.verb:set package 'px4_msgs' build argument 'catkin_skip_building_tests' from command line to 'False'
[2.540s] DEBUG:colcon.colcon_core.verb:Building package 'px4_msgs' with the following arguments: {'ament_cmake_args': None, 'build_base': '/home/raft-controller/Rpi_Ard_ser/build/px4_msgs', 'catkin_cmake_args': None, 'catkin_skip_building_tests': False, 'cmake_args': None, 'cmake_clean_cache': False, 'cmake_clean_first': False, 'cmake_force_configure': False, 'cmake_target': None, 'cmake_target_skip_unavailable': False, 'install_base': '/home/raft-controller/Rpi_Ard_ser/install/px4_msgs', 'merge_install': False, 'path': '/home/raft-controller/Rpi_Ard_ser/src/px4_msgs', 'symlink_install': True, 'test_result_base': None}
[2.541s] INFO:colcon.colcon_core.executor:Executing jobs using 'parallel' executor
[2.545s] DEBUG:colcon.colcon_parallel_executor.executor.parallel:run_until_complete
[2.546s] INFO:colcon.colcon_ros.task.ament_cmake.build:Building ROS package in '/home/raft-controller/Rpi_Ard_ser/src/px4_msgs' with build type 'ament_cmake'
[2.547s] INFO:colcon.colcon_cmake.task.cmake.build:Building CMake package in '/home/raft-controller/Rpi_Ard_ser/src/px4_msgs'
[2.561s] INFO:colcon.colcon_core.plugin_system:Skipping extension 'colcon_core.shell.bat': Not used on non-Windows systems
[2.562s] INFO:colcon.colcon_core.shell:Skip shell extension 'powershell' for command environment: Not usable outside of PowerShell
[2.562s] DEBUG:colcon.colcon_core.shell:Skip shell extension 'dsv' for command environment
[2.612s] DEBUG:colcon.colcon_core.event_handler.log_command:Invoking command in '/home/raft-controller/Rpi_Ard_ser/build/px4_msgs': CMAKE_PREFIX_PATH=/opt/ros/humble /usr/bin/cmake /home/raft-controller/Rpi_Ard_ser/src/px4_msgs -DAMENT_CMAKE_SYMLINK_INSTALL=1 -DCMAKE_INSTALL_PREFIX=/home/raft-controller/Rpi_Ard_ser/install/px4_msgs
[25.484s] DEBUG:colcon.colcon_core.event_handler.log_command:Invoked command in '/home/raft-controller/Rpi_Ard_ser/build/px4_msgs' returned '0': CMAKE_PREFIX_PATH=/opt/ros/humble /usr/bin/cmake /home/raft-controller/Rpi_Ard_ser/src/px4_msgs -DAMENT_CMAKE_SYMLINK_INSTALL=1 -DCMAKE_INSTALL_PREFIX=/home/raft-controller/Rpi_Ard_ser/install/px4_msgs
[25.498s] DEBUG:colcon.colcon_core.event_handler.log_command:Invoking command in '/home/raft-controller/Rpi_Ard_ser/build/px4_msgs': CMAKE_PREFIX_PATH=/opt/ros/humble /usr/bin/cmake --build /home/raft-controller/Rpi_Ard_ser/build/px4_msgs -- -j4 -l4
[2211.968s] DEBUG:colcon.colcon_core.event_handler.log_command:Invoked command in '/home/raft-controller/Rpi_Ard_ser/build/px4_msgs' returned '0': CMAKE_PREFIX_PATH=/opt/ros/humble /usr/bin/cmake --build /home/raft-controller/Rpi_Ard_ser/build/px4_msgs -- -j4 -l4
[2212.022s] DEBUG:colcon.colcon_core.event_handler.log_command:Invoking command in '/home/raft-controller/Rpi_Ard_ser/build/px4_msgs': CMAKE_PREFIX_PATH=/opt/ros/humble /usr/bin/cmake --install /home/raft-controller/Rpi_Ard_ser/build/px4_msgs
[2378.868s] Level 1:colcon.colcon_core.environment:create_environment_scripts_only(px4_msgs)
[2378.870s] DEBUG:colcon.colcon_core.event_handler.log_command:Invoked command in '/home/raft-controller/Rpi_Ard_ser/build/px4_msgs' returned '0': CMAKE_PREFIX_PATH=/opt/ros/humble /usr/bin/cmake --install /home/raft-controller/Rpi_Ard_ser/build/px4_msgs
[2378.887s] Level 1:colcon.colcon_core.environment:checking '/home/raft-controller/Rpi_Ard_ser/install/px4_msgs' for CMake module files
[2378.893s] Level 1:colcon.colcon_core.environment:checking '/home/raft-controller/Rpi_Ard_ser/install/px4_msgs' for CMake config files
[2379.151s] Level 1:colcon.colcon_core.shell:create_environment_hook('px4_msgs', 'cmake_prefix_path')
[2379.152s] INFO:colcon.colcon_core.shell:Creating environment hook '/home/raft-controller/Rpi_Ard_ser/install/px4_msgs/share/px4_msgs/hook/cmake_prefix_path.ps1'
[2379.156s] INFO:colcon.colcon_core.shell:Creating environment descriptor '/home/raft-controller/Rpi_Ard_ser/install/px4_msgs/share/px4_msgs/hook/cmake_prefix_path.dsv'
[2379.159s] INFO:colcon.colcon_core.shell:Creating environment hook '/home/raft-controller/Rpi_Ard_ser/install/px4_msgs/share/px4_msgs/hook/cmake_prefix_path.sh'
[2379.164s] Level 1:colcon.colcon_core.environment:checking '/home/raft-controller/Rpi_Ard_ser/install/px4_msgs/lib'
[2379.165s] Level 1:colcon.colcon_core.shell:create_environment_hook('px4_msgs', 'ld_library_path_lib')
[2379.166s] INFO:colcon.colcon_core.shell:Creating environment hook '/home/raft-controller/Rpi_Ard_ser/install/px4_msgs/share/px4_msgs/hook/ld_library_path_lib.ps1'
[2379.169s] INFO:colcon.colcon_core.shell:Creating environment descriptor '/home/raft-controller/Rpi_Ard_ser/install/px4_msgs/share/px4_msgs/hook/ld_library_path_lib.dsv'
[2379.171s] INFO:colcon.colcon_core.shell:Creating environment hook '/home/raft-controller/Rpi_Ard_ser/install/px4_msgs/share/px4_msgs/hook/ld_library_path_lib.sh'
[2379.173s] Level 1:colcon.colcon_core.environment:checking '/home/raft-controller/Rpi_Ard_ser/install/px4_msgs/bin'
[2379.174s] Level 1:colcon.colcon_core.environment:checking '/home/raft-controller/Rpi_Ard_ser/install/px4_msgs/lib/pkgconfig/px4_msgs.pc'
[2379.175s] Level 1:colcon.colcon_core.environment:checking '/home/raft-controller/Rpi_Ard_ser/install/px4_msgs/lib/python3.10/site-packages'
[2379.177s] Level 1:colcon.colcon_core.environment:checking '/home/raft-controller/Rpi_Ard_ser/install/px4_msgs/bin'
[2379.178s] INFO:colcon.colcon_core.shell:Creating package script '/home/raft-controller/Rpi_Ard_ser/install/px4_msgs/share/px4_msgs/package.ps1'
[2379.183s] INFO:colcon.colcon_core.shell:Creating package descriptor '/home/raft-controller/Rpi_Ard_ser/install/px4_msgs/share/px4_msgs/package.dsv'
[2379.187s] INFO:colcon.colcon_core.shell:Creating package script '/home/raft-controller/Rpi_Ard_ser/install/px4_msgs/share/px4_msgs/package.sh'
[2379.191s] INFO:colcon.colcon_core.shell:Creating package script '/home/raft-controller/Rpi_Ard_ser/install/px4_msgs/share/px4_msgs/package.bash'
[2379.196s] INFO:colcon.colcon_core.shell:Creating package script '/home/raft-controller/Rpi_Ard_ser/install/px4_msgs/share/px4_msgs/package.zsh'
[2379.200s] Level 1:colcon.colcon_core.environment:create_file_with_runtime_dependencies(/home/raft-controller/Rpi_Ard_ser/install/px4_msgs/share/colcon-core/packages/px4_msgs)
[2379.204s] Level 1:colcon.colcon_core.environment:create_environment_scripts_only(px4_msgs)
[2379.206s] Level 1:colcon.colcon_core.environment:checking '/home/raft-controller/Rpi_Ard_ser/install/px4_msgs' for CMake module files
[2379.212s] Level 1:colcon.colcon_core.environment:checking '/home/raft-controller/Rpi_Ard_ser/install/px4_msgs' for CMake config files
[2379.470s] Level 1:colcon.colcon_core.shell:create_environment_hook('px4_msgs', 'cmake_prefix_path')
[2379.471s] INFO:colcon.colcon_core.shell:Creating environment hook '/home/raft-controller/Rpi_Ard_ser/install/px4_msgs/share/px4_msgs/hook/cmake_prefix_path.ps1'
[2379.474s] INFO:colcon.colcon_core.shell:Creating environment descriptor '/home/raft-controller/Rpi_Ard_ser/install/px4_msgs/share/px4_msgs/hook/cmake_prefix_path.dsv'
[2379.476s] INFO:colcon.colcon_core.shell:Creating environment hook '/home/raft-controller/Rpi_Ard_ser/install/px4_msgs/share/px4_msgs/hook/cmake_prefix_path.sh'
[2379.480s] Level 1:colcon.colcon_core.environment:checking '/home/raft-controller/Rpi_Ard_ser/install/px4_msgs/lib'
[2379.481s] Level 1:colcon.colcon_core.shell:create_environment_hook('px4_msgs', 'ld_library_path_lib')
[2379.483s] INFO:colcon.colcon_core.shell:Creating environment hook '/home/raft-controller/Rpi_Ard_ser/install/px4_msgs/share/px4_msgs/hook/ld_library_path_lib.ps1'
[2379.486s] INFO:colcon.colcon_core.shell:Creating environment descriptor '/home/raft-controller/Rpi_Ard_ser/install/px4_msgs/share/px4_msgs/hook/ld_library_path_lib.dsv'
[2379.488s] INFO:colcon.colcon_core.shell:Creating environment hook '/home/raft-controller/Rpi_Ard_ser/install/px4_msgs/share/px4_msgs/hook/ld_library_path_lib.sh'
[2379.492s] Level 1:colcon.colcon_core.environment:checking '/home/raft-controller/Rpi_Ard_ser/install/px4_msgs/bin'
[2379.492s] Level 1:colcon.colcon_core.environment:checking '/home/raft-controller/Rpi_Ard_ser/install/px4_msgs/lib/pkgconfig/px4_msgs.pc'
[2379.494s] Level 1:colcon.colcon_core.environment:checking '/home/raft-controller/Rpi_Ard_ser/install/px4_msgs/lib/python3.10/site-packages'
[2379.495s] Level 1:colcon.colcon_core.environment:checking '/home/raft-controller/Rpi_Ard_ser/install/px4_msgs/bin'
[2379.497s] INFO:colcon.colcon_core.shell:Creating package script '/home/raft-controller/Rpi_Ard_ser/install/px4_msgs/share/px4_msgs/package.ps1'
[2379.500s] INFO:colcon.colcon_core.shell:Creating package descriptor '/home/raft-controller/Rpi_Ard_ser/install/px4_msgs/share/px4_msgs/package.dsv'
[2379.504s] INFO:colcon.colcon_core.shell:Creating package script '/home/raft-controller/Rpi_Ard_ser/install/px4_msgs/share/px4_msgs/package.sh'
[2379.507s] INFO:colcon.colcon_core.shell:Creating package script '/home/raft-controller/Rpi_Ard_ser/install/px4_msgs/share/px4_msgs/package.bash'
[2379.510s] INFO:colcon.colcon_core.shell:Creating package script '/home/raft-controller/Rpi_Ard_ser/install/px4_msgs/share/px4_msgs/package.zsh'
[2379.513s] Level 1:colcon.colcon_core.environment:create_file_with_runtime_dependencies(/home/raft-controller/Rpi_Ard_ser/install/px4_msgs/share/colcon-core/packages/px4_msgs)
[2379.515s] DEBUG:colcon.colcon_parallel_executor.executor.parallel:closing loop
[2379.517s] DEBUG:colcon.colcon_parallel_executor.executor.parallel:loop closed
[2379.517s] DEBUG:colcon.colcon_parallel_executor.executor.parallel:run_until_complete finished with '0'
[2379.518s] DEBUG:colcon.colcon_core.event_reactor:joining thread
[2379.546s] INFO:colcon.colcon_core.plugin_system:Skipping extension 'colcon_notification.desktop_notification.terminal_notifier': Not used on non-Darwin systems
[2379.546s] INFO:colcon.colcon_core.plugin_system:Skipping extension 'colcon_notification.desktop_notification.win32': Not used on non-Windows systems
[2379.546s] INFO:colcon.colcon_notification.desktop_notification:Sending desktop notification using 'notify2'
[2379.623s] DEBUG:colcon.colcon_core.event_reactor:joined thread
[2379.624s] INFO:colcon.colcon_core.shell:Creating prefix script '/home/raft-controller/Rpi_Ard_ser/install/local_setup.ps1'
[2379.630s] INFO:colcon.colcon_core.shell:Creating prefix util module '/home/raft-controller/Rpi_Ard_ser/install/_local_setup_util_ps1.py'
[2379.641s] INFO:colcon.colcon_core.shell:Creating prefix chain script '/home/raft-controller/Rpi_Ard_ser/install/setup.ps1'
[2379.647s] INFO:colcon.colcon_core.shell:Creating prefix script '/home/raft-controller/Rpi_Ard_ser/install/local_setup.sh'
[2379.652s] INFO:colcon.colcon_core.shell:Creating prefix util module '/home/raft-controller/Rpi_Ard_ser/install/_local_setup_util_sh.py'
[2379.656s] INFO:colcon.colcon_core.shell:Creating prefix chain script '/home/raft-controller/Rpi_Ard_ser/install/setup.sh'
[2379.661s] INFO:colcon.colcon_core.shell:Creating prefix script '/home/raft-controller/Rpi_Ard_ser/install/local_setup.bash'
[2379.665s] INFO:colcon.colcon_core.shell:Creating prefix chain script '/home/raft-controller/Rpi_Ard_ser/install/setup.bash'
[2379.670s] INFO:colcon.colcon_core.shell:Creating prefix script '/home/raft-controller/Rpi_Ard_ser/install/local_setup.zsh'
[2379.673s] INFO:colcon.colcon_core.shell:Creating prefix chain script '/home/raft-controller/Rpi_Ard_ser/install/setup.zsh'
