running develop
running egg_info
creating my_mav_pkg.egg-info
writing my_mav_pkg.egg-info/PKG-INFO
writing dependency_links to my_mav_pkg.egg-info/dependency_links.txt
writing entry points to my_mav_pkg.egg-info/entry_points.txt
writing requirements to my_mav_pkg.egg-info/requires.txt
writing top-level names to my_mav_pkg.egg-info/top_level.txt
writing manifest file 'my_mav_pkg.egg-info/SOURCES.txt'
reading manifest file 'my_mav_pkg.egg-info/SOURCES.txt'
writing manifest file 'my_mav_pkg.egg-info/SOURCES.txt'
running build_ext
Creating /home/raft-controller/Rpi_Ard_ser/install/my_mav_pkg/lib/python3.10/site-packages/my-mav-pkg.egg-link (link to .)

Installed /home/raft-controller/Rpi_Ard_ser/build/my_mav_pkg
running symlink_data
creating /home/raft-controller/Rpi_Ard_ser/install/my_mav_pkg/share/ament_index
creating /home/raft-controller/Rpi_Ard_ser/install/my_mav_pkg/share/ament_index/resource_index
creating /home/raft-controller/Rpi_Ard_ser/install/my_mav_pkg/share/ament_index/resource_index/packages
symbolically linking /home/raft-controller/Rpi_Ard_ser/build/my_mav_pkg/resource/my_mav_pkg -> /home/raft-controller/Rpi_Ard_ser/install/my_mav_pkg/share/ament_index/resource_index/packages
symbolically linking /home/raft-controller/Rpi_Ard_ser/build/my_mav_pkg/package.xml -> /home/raft-controller/Rpi_Ard_ser/install/my_mav_pkg/share/my_mav_pkg
creating /home/raft-controller/Rpi_Ard_ser/install/my_mav_pkg/share/my_mav_pkg/launch
symbolically linking /home/raft-controller/Rpi_Ard_ser/build/my_mav_pkg/my_mav_pkg/launch/realsense_ws.launch.py -> /home/raft-controller/Rpi_Ard_ser/install/my_mav_pkg/share/my_mav_pkg/launch
