/home/raft/Rpi_Ard_ser/install/my_mav_pkg/lib/python3.10/site-packages/my_mav_pkg/pose_listener.py
/home/raft/Rpi_Ard_ser/install/my_mav_pkg/lib/python3.10/site-packages/my_mav_pkg/__init__.py
/home/raft/Rpi_Ard_ser/install/my_mav_pkg/lib/python3.10/site-packages/my_mav_pkg/send_arduino.py
/home/raft/Rpi_Ard_ser/install/my_mav_pkg/lib/python3.10/site-packages/my_mav_pkg/camera_publisher.py
/home/raft/Rpi_Ard_ser/install/my_mav_pkg/lib/python3.10/site-packages/my_mav_pkg/__pycache__/pose_listener.cpython-310.pyc
/home/raft/Rpi_Ard_ser/install/my_mav_pkg/lib/python3.10/site-packages/my_mav_pkg/__pycache__/__init__.cpython-310.pyc
/home/raft/Rpi_Ard_ser/install/my_mav_pkg/lib/python3.10/site-packages/my_mav_pkg/__pycache__/send_arduino.cpython-310.pyc
/home/raft/Rpi_Ard_ser/install/my_mav_pkg/lib/python3.10/site-packages/my_mav_pkg/__pycache__/camera_publisher.cpython-310.pyc
/home/raft/Rpi_Ard_ser/install/my_mav_pkg/share/ament_index/resource_index/packages/my_mav_pkg
/home/raft/Rpi_Ard_ser/install/my_mav_pkg/share/my_mav_pkg/package.xml
/home/raft/Rpi_Ard_ser/install/my_mav_pkg/share/my_mav_pkg/launch/realsense_ws.launch.py
/home/raft/Rpi_Ard_ser/install/my_mav_pkg/lib/python3.10/site-packages/my_mav_pkg-0.0.0-py3.10.egg-info/zip-safe
/home/raft/Rpi_Ard_ser/install/my_mav_pkg/lib/python3.10/site-packages/my_mav_pkg-0.0.0-py3.10.egg-info/PKG-INFO
/home/raft/Rpi_Ard_ser/install/my_mav_pkg/lib/python3.10/site-packages/my_mav_pkg-0.0.0-py3.10.egg-info/top_level.txt
/home/raft/Rpi_Ard_ser/install/my_mav_pkg/lib/python3.10/site-packages/my_mav_pkg-0.0.0-py3.10.egg-info/requires.txt
/home/raft/Rpi_Ard_ser/install/my_mav_pkg/lib/python3.10/site-packages/my_mav_pkg-0.0.0-py3.10.egg-info/entry_points.txt
/home/raft/Rpi_Ard_ser/install/my_mav_pkg/lib/python3.10/site-packages/my_mav_pkg-0.0.0-py3.10.egg-info/dependency_links.txt
/home/raft/Rpi_Ard_ser/install/my_mav_pkg/lib/python3.10/site-packages/my_mav_pkg-0.0.0-py3.10.egg-info/SOURCES.txt
/home/raft/Rpi_Ard_ser/install/my_mav_pkg/lib/my_mav_pkg/camera_publisher
/home/raft/Rpi_Ard_ser/install/my_mav_pkg/lib/my_mav_pkg/send_arduino
