[0.707s] DEBUG:colcon:Command line arguments: ['/usr/bin/colcon', 'build', '--symlink-install']
[0.707s] DEBUG:colcon:Parsed command line arguments: Namespace(log_base=None, log_level=None, verb_name='build', build_base='build', install_base='install', merge_install=False, symlink_install=True, test_result_base=None, continue_on_error=False, executor='parallel', parallel_workers=4, event_handlers=None, ignore_user_meta=False, metas=['./colcon.meta'], base_paths=['.'], packages_ignore=None, packages_ignore_regex=None, paths=None, packages_up_to=None, packages_up_to_regex=None, packages_above=None, packages_above_and_dependencies=None, packages_above_depth=None, packages_select_by_dep=None, packages_skip_by_dep=None, packages_skip_up_to=None, packages_select_build_failed=False, packages_skip_build_finished=False, packages_select_test_failures=False, packages_skip_test_passed=False, packages_select=None, packages_skip=None, packages_select_regex=None, packages_skip_regex=None, packages_start=None, packages_end=None, allow_overriding=[], cmake_args=None, cmake_target=None, cmake_target_skip_unavailable=False, cmake_clean_cache=False, cmake_clean_first=False, cmake_force_configure=False, ament_cmake_args=None, catkin_cmake_args=None, catkin_skip_building_tests=False, mixin_files=None, mixin=None, verb_parser=<colcon_mixin.mixin.mixin_argument.MixinArgumentDecorator object at 0xffff93716740>, verb_extension=<colcon_core.verb.build.BuildVerb object at 0xffff938af6d0>, main=<bound method BuildVerb.main of <colcon_core.verb.build.BuildVerb object at 0xffff938af6d0>>, mixin_verb=('build',))
[1.980s] Level 1:colcon.colcon_core.package_discovery:discover_packages(colcon_meta) check parameters
[1.981s] Level 1:colcon.colcon_core.package_discovery:discover_packages(recursive) check parameters
[1.981s] Level 1:colcon.colcon_core.package_discovery:discover_packages(ignore) check parameters
[1.981s] Level 1:colcon.colcon_core.package_discovery:discover_packages(path) check parameters
[1.981s] Level 1:colcon.colcon_core.package_discovery:discover_packages(colcon_meta) discover
[1.982s] Level 1:colcon.colcon_core.package_discovery:discover_packages(recursive) discover
[1.982s] INFO:colcon.colcon_core.package_discovery:Crawling recursively for packages in '/home/raft-controller/Rpi_Ard_ser'
[1.983s] Level 1:colcon.colcon_core.package_identification:_identify(.) by extensions ['ignore', 'ignore_ament_install']
[1.984s] Level 1:colcon.colcon_core.package_identification:_identify(.) by extension 'ignore'
[1.984s] Level 1:colcon.colcon_core.package_identification:_identify(.) by extension 'ignore_ament_install'
[1.984s] Level 1:colcon.colcon_core.package_identification:_identify(.) by extensions ['colcon_pkg']
[1.985s] Level 1:colcon.colcon_core.package_identification:_identify(.) by extension 'colcon_pkg'
[1.985s] Level 1:colcon.colcon_core.package_identification:_identify(.) by extensions ['colcon_meta']
[1.985s] Level 1:colcon.colcon_core.package_identification:_identify(.) by extension 'colcon_meta'
[1.986s] Level 1:colcon.colcon_core.package_identification:_identify(.) by extensions ['ros']
[1.986s] Level 1:colcon.colcon_core.package_identification:_identify(.) by extension 'ros'
[2.045s] Level 1:colcon.colcon_core.package_identification:_identify(.) by extensions ['cmake', 'python']
[2.045s] Level 1:colcon.colcon_core.package_identification:_identify(.) by extension 'cmake'
[2.045s] Level 1:colcon.colcon_core.package_identification:_identify(.) by extension 'python'
[2.046s] Level 1:colcon.colcon_core.package_identification:_identify(.) by extensions ['python_setup_py']
[2.046s] Level 1:colcon.colcon_core.package_identification:_identify(.) by extension 'python_setup_py'
[2.047s] Level 1:colcon.colcon_core.package_identification:_identify(build) by extensions ['ignore', 'ignore_ament_install']
[2.048s] Level 1:colcon.colcon_core.package_identification:_identify(build) by extension 'ignore'
[2.048s] Level 1:colcon.colcon_core.package_identification:_identify(build) ignored
[2.049s] Level 1:colcon.colcon_core.package_identification:_identify(install) by extensions ['ignore', 'ignore_ament_install']
[2.050s] Level 1:colcon.colcon_core.package_identification:_identify(install) by extension 'ignore'
[2.050s] Level 1:colcon.colcon_core.package_identification:_identify(install) ignored
[2.051s] Level 1:colcon.colcon_core.package_identification:_identify(log) by extensions ['ignore', 'ignore_ament_install']
[2.052s] Level 1:colcon.colcon_core.package_identification:_identify(log) by extension 'ignore'
[2.052s] Level 1:colcon.colcon_core.package_identification:_identify(log) ignored
[2.052s] Level 1:colcon.colcon_core.package_identification:_identify(src) by extensions ['ignore', 'ignore_ament_install']
[2.053s] Level 1:colcon.colcon_core.package_identification:_identify(src) by extension 'ignore'
[2.053s] Level 1:colcon.colcon_core.package_identification:_identify(src) by extension 'ignore_ament_install'
[2.054s] Level 1:colcon.colcon_core.package_identification:_identify(src) by extensions ['colcon_pkg']
[2.054s] Level 1:colcon.colcon_core.package_identification:_identify(src) by extension 'colcon_pkg'
[2.054s] Level 1:colcon.colcon_core.package_identification:_identify(src) by extensions ['colcon_meta']
[2.054s] Level 1:colcon.colcon_core.package_identification:_identify(src) by extension 'colcon_meta'
[2.055s] Level 1:colcon.colcon_core.package_identification:_identify(src) by extensions ['ros']
[2.055s] Level 1:colcon.colcon_core.package_identification:_identify(src) by extension 'ros'
[2.056s] Level 1:colcon.colcon_core.package_identification:_identify(src) by extensions ['cmake', 'python']
[2.056s] Level 1:colcon.colcon_core.package_identification:_identify(src) by extension 'cmake'
[2.056s] Level 1:colcon.colcon_core.package_identification:_identify(src) by extension 'python'
[2.057s] Level 1:colcon.colcon_core.package_identification:_identify(src) by extensions ['python_setup_py']
[2.057s] Level 1:colcon.colcon_core.package_identification:_identify(src) by extension 'python_setup_py'
[2.058s] Level 1:colcon.colcon_core.package_identification:_identify(src/my_mav_pkg) by extensions ['ignore', 'ignore_ament_install']
[2.059s] Level 1:colcon.colcon_core.package_identification:_identify(src/my_mav_pkg) by extension 'ignore'
[2.060s] Level 1:colcon.colcon_core.package_identification:_identify(src/my_mav_pkg) by extension 'ignore_ament_install'
[2.060s] Level 1:colcon.colcon_core.package_identification:_identify(src/my_mav_pkg) by extensions ['colcon_pkg']
[2.060s] Level 1:colcon.colcon_core.package_identification:_identify(src/my_mav_pkg) by extension 'colcon_pkg'
[2.061s] Level 1:colcon.colcon_core.package_identification:_identify(src/my_mav_pkg) by extensions ['colcon_meta']
[2.061s] Level 1:colcon.colcon_core.package_identification:_identify(src/my_mav_pkg) by extension 'colcon_meta'
[2.061s] Level 1:colcon.colcon_core.package_identification:_identify(src/my_mav_pkg) by extensions ['ros']
[2.062s] Level 1:colcon.colcon_core.package_identification:_identify(src/my_mav_pkg) by extension 'ros'
[2.075s] DEBUG:colcon.colcon_core.package_identification:Package 'src/my_mav_pkg' with type 'ros.ament_python' and name 'my_mav_pkg'
[2.076s] Level 1:colcon.colcon_core.package_discovery:discover_packages(recursive) using defaults
[2.076s] Level 1:colcon.colcon_core.package_discovery:discover_packages(ignore) discover
[2.077s] Level 1:colcon.colcon_core.package_discovery:discover_packages(ignore) using defaults
[2.077s] Level 1:colcon.colcon_core.package_discovery:discover_packages(path) discover
[2.077s] Level 1:colcon.colcon_core.package_discovery:discover_packages(path) using defaults
[2.238s] Level 1:colcon.colcon_core.package_discovery:discover_packages(prefix_path) check parameters
[2.238s] Level 1:colcon.colcon_core.package_discovery:discover_packages(prefix_path) discover
[2.251s] DEBUG:colcon.colcon_installed_package_information.package_discovery:Found 2 installed packages in /home/raft-controller/Rpi_Ard_ser/install
[2.263s] DEBUG:colcon.colcon_installed_package_information.package_discovery:Found 278 installed packages in /opt/ros/humble
[2.271s] Level 1:colcon.colcon_core.package_discovery:discover_packages(prefix_path) using defaults
[2.522s] Level 5:colcon.colcon_core.verb:set package 'my_mav_pkg' build argument 'cmake_args' from command line to 'None'
[2.522s] Level 5:colcon.colcon_core.verb:set package 'my_mav_pkg' build argument 'cmake_target' from command line to 'None'
[2.522s] Level 5:colcon.colcon_core.verb:set package 'my_mav_pkg' build argument 'cmake_target_skip_unavailable' from command line to 'False'
[2.523s] Level 5:colcon.colcon_core.verb:set package 'my_mav_pkg' build argument 'cmake_clean_cache' from command line to 'False'
[2.523s] Level 5:colcon.colcon_core.verb:set package 'my_mav_pkg' build argument 'cmake_clean_first' from command line to 'False'
[2.523s] Level 5:colcon.colcon_core.verb:set package 'my_mav_pkg' build argument 'cmake_force_configure' from command line to 'False'
[2.523s] Level 5:colcon.colcon_core.verb:set package 'my_mav_pkg' build argument 'ament_cmake_args' from command line to 'None'
[2.523s] Level 5:colcon.colcon_core.verb:set package 'my_mav_pkg' build argument 'catkin_cmake_args' from command line to 'None'
[2.523s] Level 5:colcon.colcon_core.verb:set package 'my_mav_pkg' build argument 'catkin_skip_building_tests' from command line to 'False'
[2.524s] DEBUG:colcon.colcon_core.verb:Building package 'my_mav_pkg' with the following arguments: {'ament_cmake_args': None, 'build_base': '/home/raft-controller/Rpi_Ard_ser/build/my_mav_pkg', 'catkin_cmake_args': None, 'catkin_skip_building_tests': False, 'cmake_args': None, 'cmake_clean_cache': False, 'cmake_clean_first': False, 'cmake_force_configure': False, 'cmake_target': None, 'cmake_target_skip_unavailable': False, 'install_base': '/home/raft-controller/Rpi_Ard_ser/install/my_mav_pkg', 'merge_install': False, 'path': '/home/raft-controller/Rpi_Ard_ser/src/my_mav_pkg', 'symlink_install': True, 'test_result_base': None}
[2.524s] INFO:colcon.colcon_core.executor:Executing jobs using 'parallel' executor
[2.529s] DEBUG:colcon.colcon_parallel_executor.executor.parallel:run_until_complete
[2.530s] INFO:colcon.colcon_ros.task.ament_python.build:Building ROS package in '/home/raft-controller/Rpi_Ard_ser/src/my_mav_pkg' with build type 'ament_python'
[2.531s] Level 1:colcon.colcon_core.shell:create_environment_hook('my_mav_pkg', 'ament_prefix_path')
[2.545s] INFO:colcon.colcon_core.plugin_system:Skipping extension 'colcon_core.shell.bat': Not used on non-Windows systems
[2.546s] INFO:colcon.colcon_core.shell:Creating environment hook '/home/raft-controller/Rpi_Ard_ser/install/my_mav_pkg/share/my_mav_pkg/hook/ament_prefix_path.ps1'
[2.550s] INFO:colcon.colcon_core.shell:Creating environment descriptor '/home/raft-controller/Rpi_Ard_ser/install/my_mav_pkg/share/my_mav_pkg/hook/ament_prefix_path.dsv'
[2.553s] INFO:colcon.colcon_core.shell:Creating environment hook '/home/raft-controller/Rpi_Ard_ser/install/my_mav_pkg/share/my_mav_pkg/hook/ament_prefix_path.sh'
[2.558s] INFO:colcon.colcon_core.shell:Skip shell extension 'powershell' for command environment: Not usable outside of PowerShell
[2.558s] DEBUG:colcon.colcon_core.shell:Skip shell extension 'dsv' for command environment
[4.472s] INFO:colcon.colcon_core.task.python.build:Building Python package in '/home/raft-controller/Rpi_Ard_ser/src/my_mav_pkg'
[4.474s] INFO:colcon.colcon_core.shell:Skip shell extension 'powershell' for command environment: Not usable outside of PowerShell
[4.474s] DEBUG:colcon.colcon_core.shell:Skip shell extension 'dsv' for command environment
[6.763s] DEBUG:colcon.colcon_core.event_handler.log_command:Invoking command in '/home/raft-controller/Rpi_Ard_ser/build/my_mav_pkg': PYTHONPATH=/home/raft-controller/Rpi_Ard_ser/build/my_mav_pkg/prefix_override:/usr/lib/python3/dist-packages/colcon_core/task/python/colcon_distutils_commands:/home/raft-controller/Rpi_Ard_ser/install/my_mav_pkg/lib/python3.10/site-packages:${PYTHONPATH} /usr/bin/python3 -W ignore:setup.py install is deprecated -W ignore:easy_install command is deprecated setup.py develop --editable --build-directory /home/raft-controller/Rpi_Ard_ser/build/my_mav_pkg/build --no-deps symlink_data
[10.185s] Level 1:colcon.colcon_core.shell:create_environment_hook('my_mav_pkg', 'pythonpath_develop')
[10.187s] INFO:colcon.colcon_core.shell:Creating environment hook '/home/raft-controller/Rpi_Ard_ser/build/my_mav_pkg/share/my_mav_pkg/hook/pythonpath_develop.ps1'
[10.191s] INFO:colcon.colcon_core.shell:Creating environment descriptor '/home/raft-controller/Rpi_Ard_ser/build/my_mav_pkg/share/my_mav_pkg/hook/pythonpath_develop.dsv'
[10.193s] DEBUG:colcon.colcon_core.event_handler.log_command:Invoked command in '/home/raft-controller/Rpi_Ard_ser/build/my_mav_pkg' returned '0': PYTHONPATH=/home/raft-controller/Rpi_Ard_ser/build/my_mav_pkg/prefix_override:/usr/lib/python3/dist-packages/colcon_core/task/python/colcon_distutils_commands:/home/raft-controller/Rpi_Ard_ser/install/my_mav_pkg/lib/python3.10/site-packages:${PYTHONPATH} /usr/bin/python3 -W ignore:setup.py install is deprecated -W ignore:easy_install command is deprecated setup.py develop --editable --build-directory /home/raft-controller/Rpi_Ard_ser/build/my_mav_pkg/build --no-deps symlink_data
[10.194s] INFO:colcon.colcon_core.shell:Creating environment hook '/home/raft-controller/Rpi_Ard_ser/build/my_mav_pkg/share/my_mav_pkg/hook/pythonpath_develop.sh'
[10.214s] Level 1:colcon.colcon_core.environment:checking '/home/raft-controller/Rpi_Ard_ser/install/my_mav_pkg' for CMake module files
[10.217s] Level 1:colcon.colcon_core.environment:checking '/home/raft-controller/Rpi_Ard_ser/install/my_mav_pkg' for CMake config files
[10.221s] Level 1:colcon.colcon_core.environment:checking '/home/raft-controller/Rpi_Ard_ser/install/my_mav_pkg/lib'
[10.223s] Level 1:colcon.colcon_core.environment:checking '/home/raft-controller/Rpi_Ard_ser/install/my_mav_pkg/bin'
[10.223s] Level 1:colcon.colcon_core.environment:checking '/home/raft-controller/Rpi_Ard_ser/install/my_mav_pkg/lib/pkgconfig/my_mav_pkg.pc'
[10.224s] Level 1:colcon.colcon_core.environment:checking '/home/raft-controller/Rpi_Ard_ser/install/my_mav_pkg/lib/python3.10/site-packages'
[10.225s] Level 1:colcon.colcon_core.shell:create_environment_hook('my_mav_pkg', 'pythonpath')
[10.226s] INFO:colcon.colcon_core.shell:Creating environment hook '/home/raft-controller/Rpi_Ard_ser/install/my_mav_pkg/share/my_mav_pkg/hook/pythonpath.ps1'
[10.229s] INFO:colcon.colcon_core.shell:Creating environment descriptor '/home/raft-controller/Rpi_Ard_ser/install/my_mav_pkg/share/my_mav_pkg/hook/pythonpath.dsv'
[10.232s] INFO:colcon.colcon_core.shell:Creating environment hook '/home/raft-controller/Rpi_Ard_ser/install/my_mav_pkg/share/my_mav_pkg/hook/pythonpath.sh'
[10.235s] Level 1:colcon.colcon_core.environment:checking '/home/raft-controller/Rpi_Ard_ser/install/my_mav_pkg/bin'
[10.236s] Level 1:colcon.colcon_core.environment:create_environment_scripts_only(my_mav_pkg)
[10.238s] INFO:colcon.colcon_core.shell:Creating package script '/home/raft-controller/Rpi_Ard_ser/install/my_mav_pkg/share/my_mav_pkg/package.ps1'
[10.243s] INFO:colcon.colcon_core.shell:Creating package descriptor '/home/raft-controller/Rpi_Ard_ser/install/my_mav_pkg/share/my_mav_pkg/package.dsv'
[10.247s] INFO:colcon.colcon_core.shell:Creating package script '/home/raft-controller/Rpi_Ard_ser/install/my_mav_pkg/share/my_mav_pkg/package.sh'
[10.252s] INFO:colcon.colcon_core.shell:Creating package script '/home/raft-controller/Rpi_Ard_ser/install/my_mav_pkg/share/my_mav_pkg/package.bash'
[10.257s] INFO:colcon.colcon_core.shell:Creating package script '/home/raft-controller/Rpi_Ard_ser/install/my_mav_pkg/share/my_mav_pkg/package.zsh'
[10.261s] Level 1:colcon.colcon_core.environment:create_file_with_runtime_dependencies(/home/raft-controller/Rpi_Ard_ser/install/my_mav_pkg/share/colcon-core/packages/my_mav_pkg)
[10.263s] DEBUG:colcon.colcon_parallel_executor.executor.parallel:closing loop
[10.265s] DEBUG:colcon.colcon_parallel_executor.executor.parallel:loop closed
[10.265s] DEBUG:colcon.colcon_parallel_executor.executor.parallel:run_until_complete finished with '0'
[10.266s] DEBUG:colcon.colcon_core.event_reactor:joining thread
[10.296s] INFO:colcon.colcon_core.plugin_system:Skipping extension 'colcon_notification.desktop_notification.terminal_notifier': Not used on non-Darwin systems
[10.296s] INFO:colcon.colcon_core.plugin_system:Skipping extension 'colcon_notification.desktop_notification.win32': Not used on non-Windows systems
[10.297s] INFO:colcon.colcon_notification.desktop_notification:Sending desktop notification using 'notify2'
[10.367s] DEBUG:colcon.colcon_core.event_reactor:joined thread
[10.369s] INFO:colcon.colcon_core.shell:Creating prefix script '/home/raft-controller/Rpi_Ard_ser/install/local_setup.ps1'
[10.376s] INFO:colcon.colcon_core.shell:Creating prefix util module '/home/raft-controller/Rpi_Ard_ser/install/_local_setup_util_ps1.py'
[10.388s] INFO:colcon.colcon_core.shell:Creating prefix chain script '/home/raft-controller/Rpi_Ard_ser/install/setup.ps1'
[10.396s] INFO:colcon.colcon_core.shell:Creating prefix script '/home/raft-controller/Rpi_Ard_ser/install/local_setup.sh'
[10.401s] INFO:colcon.colcon_core.shell:Creating prefix util module '/home/raft-controller/Rpi_Ard_ser/install/_local_setup_util_sh.py'
[10.405s] INFO:colcon.colcon_core.shell:Creating prefix chain script '/home/raft-controller/Rpi_Ard_ser/install/setup.sh'
[10.412s] INFO:colcon.colcon_core.shell:Creating prefix script '/home/raft-controller/Rpi_Ard_ser/install/local_setup.bash'
[10.416s] INFO:colcon.colcon_core.shell:Creating prefix chain script '/home/raft-controller/Rpi_Ard_ser/install/setup.bash'
[10.422s] INFO:colcon.colcon_core.shell:Creating prefix script '/home/raft-controller/Rpi_Ard_ser/install/local_setup.zsh'
[10.426s] INFO:colcon.colcon_core.shell:Creating prefix chain script '/home/raft-controller/Rpi_Ard_ser/install/setup.zsh'
